#
# A fatal error has been detected by the Java Runtime Environment:
#
#  SIGSEGV (0xb) at pc=0x00007fff6cea6781, pid=3296, tid=78947
#
# JRE version: Java(TM) SE Runtime Environment (16.0.2+7) (build 16.0.2+7-67)
# Java VM: Java HotSpot(TM) 64-Bit Server VM (16.0.2+7-67, mixed mode, sharing, tiered, compressed oops, compressed class ptrs, g1 gc, bsd-amd64)
# Problematic frame:
# C  [GLEngine+0x12e781]  gleRunVertexSubmitImmediate+0x26f1
#
# No core dump will be written. Core dumps have been disabled. To enable core dumping, try "ulimit -c unlimited" before starting Java again
#
# If you would like to submit a bug report, please visit:
#   https://bugreport.java.com/bugreport/crash.jsp
# The crash happened outside the Java Virtual Machine in native code.
# See problematic frame for where to report the bug.
#

---------------  S U M M A R Y ------------

Command Line: -Dfile.encoding=UTF-8 -Duser.country=TR -Duser.language=tr -Duser.variant org.oscim.test.LineTest

Host: MacBookPro17,1 x86_64 2400 MHz, 8 cores, 8G, Darwin 20.3.0, macOS 10.16 (20D91)
Time: Sat Apr 16 09:03:52 2022 +03 elapsed time: 1.973775 seconds (0d 0h 0m 1s)

---------------  T H R E A D  ---------------

Current thread (0x00007fac46cc3e00):  JavaThread "LWJGL Application" [_thread_in_native, id=78947, stack(0x000000030a268000,0x000000030a368000)]

Stack: [0x000000030a268000,0x000000030a368000],  sp=0x000000030a3673c0,  free space=1020k
Native frames: (J=compiled Java code, A=aot compiled Java code, j=interpreted, Vv=VM code, C=native code)
C  [GLEngine+0x12e781]  gleRunVertexSubmitImmediate+0x26f1
C  [GLEngine+0x258ff]  glDrawArrays_Exec+0x28d
j  org.lwjgl.opengl.GL11.nglDrawArrays(IIIJ)V+0
j  org.lwjgl.opengl.GL11.glDrawArrays(III)V+20
j  org.oscim.gdx.LwjglGL20.drawArrays(III)V+3
j  org.oscim.renderer.bucket.LineBucket$Renderer.draw(Lorg/oscim/renderer/bucket/RenderBucket;Lorg/oscim/renderer/GLViewport;FLorg/oscim/renderer/bucket/RenderBuckets;)Lorg/oscim/renderer/bucket/RenderBucket;+637
j  org.oscim.renderer.BucketRenderer.render(Lorg/oscim/renderer/GLViewport;)V+161
j  org.oscim.renderer.MapRenderer.draw()V+231
j  org.oscim.renderer.MapRenderer.onDrawFrame()V+18
j  org.oscim.gdx.GdxMap.render()V+4
j  com.badlogic.gdx.backends.lwjgl.LwjglApplication.mainLoop()V+770
j  com.badlogic.gdx.backends.lwjgl.LwjglApplication$1.run()V+27
v  ~StubRoutines::call_stub
V  [libjvm.dylib+0x508272]  JavaCalls::call_helper(JavaValue*, methodHandle const&, JavaCallArguments*, Thread*)+0x2d2
V  [libjvm.dylib+0x5072b7]  JavaCalls::call_virtual(JavaValue*, Klass*, Symbol*, Symbol*, JavaCallArguments*, Thread*)+0x147
V  [libjvm.dylib+0x507383]  JavaCalls::call_virtual(JavaValue*, Handle, Klass*, Symbol*, Symbol*, Thread*)+0x63
V  [libjvm.dylib+0x5b5534]  thread_entry(JavaThread*, Thread*)+0xb4
V  [libjvm.dylib+0xa043cd]  JavaThread::thread_main_inner()+0xcd
V  [libjvm.dylib+0xa01d11]  Thread::call_run()+0x71
V  [libjvm.dylib+0x890937]  thread_native_entry(Thread*)+0x157
C  [libsystem_pthread.dylib+0x6950]  _pthread_start+0xe0
C  [libsystem_pthread.dylib+0x247b]  thread_start+0xf

Java frames: (J=compiled Java code, j=interpreted, Vv=VM code)
j  org.lwjgl.opengl.GL11.nglDrawArrays(IIIJ)V+0
j  org.lwjgl.opengl.GL11.glDrawArrays(III)V+20
j  org.oscim.gdx.LwjglGL20.drawArrays(III)V+3
j  org.oscim.renderer.bucket.LineBucket$Renderer.draw(Lorg/oscim/renderer/bucket/RenderBucket;Lorg/oscim/renderer/GLViewport;FLorg/oscim/renderer/bucket/RenderBuckets;)Lorg/oscim/renderer/bucket/RenderBucket;+637
j  org.oscim.renderer.BucketRenderer.render(Lorg/oscim/renderer/GLViewport;)V+161
j  org.oscim.renderer.MapRenderer.draw()V+231
j  org.oscim.renderer.MapRenderer.onDrawFrame()V+18
j  org.oscim.gdx.GdxMap.render()V+4
j  com.badlogic.gdx.backends.lwjgl.LwjglApplication.mainLoop()V+770
j  com.badlogic.gdx.backends.lwjgl.LwjglApplication$1.run()V+27
v  ~StubRoutines::call_stub

siginfo: si_signo: 11 (SIGSEGV), si_code: 2 (SEGV_ACCERR), si_addr: 0x0000000000000000

Register to memory mapping:

RAX=0x0 is NULL
RBX=0x0000003401841800 is an unknown value
RCX=0x00007fff6cea5918: gleRunVertexSubmitImmediate+0x1888 in /System/Library/Frameworks/OpenGL.framework/Versions/A/Resources/GLEngine.bundle/GLEngine at 0x00007fff6cd78000
RDX=0x00007fff6cea6a48: gleRunVertexSubmitImmediate+0x29b8 in /System/Library/Frameworks/OpenGL.framework/Versions/A/Resources/GLEngine.bundle/GLEngine at 0x00007fff6cd78000
RSP=0x000000030a3673c0 is pointing into the stack for thread: 0x00007fac46cc3e00
RBP=0x000000030a367550 is pointing into the stack for thread: 0x00007fac46cc3e00
RSI=0x0000000000000006 is an unknown value
RDI=0x0000000000000006 is an unknown value
R8 =0x0000000000000001 is an unknown value
R9 =0x00007fac465b69f0 points into unknown readable memory: 0x0000000800042a01 | 01 2a 04 00 08 00 00 00
R10=0x0000000000000001 is an unknown value
R11=0x0000000006803083 is an unknown value
R12=0x0 is NULL
R13=0x0000000000000004 is an unknown value
R14=0x0 is NULL
R15=0x0000003401841800 is an unknown value


Registers:
RAX=0x0000000000000000, RBX=0x0000003401841800, RCX=0x00007fff6cea5918, RDX=0x00007fff6cea6a48
RSP=0x000000030a3673c0, RBP=0x000000030a367550, RSI=0x0000000000000006, RDI=0x0000000000000006
R8 =0x0000000000000001, R9 =0x00007fac465b69f0, R10=0x0000000000000001, R11=0x0000000006803083
R12=0x0000000000000000, R13=0x0000000000000004, R14=0x0000000000000000, R15=0x0000003401841800
RIP=0x00007fff6cea6781, EFLAGS=0x0000000000000207, ERR=0x0000000000000004
  TRAPNO=0x000000000000000e

Top of Stack: (sp=0x000000030a3673c0)
0x000000030a3673c0:   cb000000cb000000 cb000000cb000000
0x000000030a3673d0:   0000040000000000 00007fac39308170
0x000000030a3673e0:   00007fac39308140 00007fac393081a0
0x000000030a3673f0:   00007fac39308160 00007fac39308180
0x000000030a367400:   00007fac39308150 0000000000000000
0x000000030a367410:   0000000000000000 0000000000000001
0x000000030a367420:   00007fac39308190 00007fac465b69f0
0x000000030a367430:   fffffffffffffffe 0000000134d3a7eb
0x000000030a367440:   000000000a3674c0 0000000000000000
0x000000030a367450:   0000000000000000 0000000000000004
0x000000030a367460:   0000f8000000f000 0000010000010000
0x000000030a367470:   0000000000000000 00007fac39308000
0x000000030a367480:   00007fac16c79de0 0000000000000000
0x000000030a367490:   00007fac28048001 00007fac39318000
0x000000030a3674a0:   00007fac39318000 00007fac39308000
0x000000030a3674b0:   0000000000000000 0000000000000000
0x000000030a3674c0:   0000000000000000 000000000000000c
0x000000030a3674d0:   00007fac39318000 00007fac39308000
0x000000030a3674e0:   0000000000000000 00000001377c0000
0x000000030a3674f0:   00000001377c0060 0000000000000000
0x000000030a367500:   00007fac3930be70 00007fac3930c080
0x000000030a367510:   00007fac46ceb3c0 0000000000000000
0x000000030a367520:   9233a3c19c00007c 0000000000000000
0x000000030a367530:   00007fac46ceb000 00007fac39308000
0x000000030a367540:   0000000000000006 0000000000000006
0x000000030a367550:   000000030a3675b0 00007fff6cd9d8ff
0x000000030a367560:   00007fac46ceb440 0000000000000005
0x000000030a367570:   0000000000000006 0000000046cc3e00
0x000000030a367580:   0000000600000005 000000012ed38550
0x000000030a367590:   0000000000000000 000000012ed38550
0x000000030a3675a0:   000000030a367670 00007fac46cc3e00
0x000000030a3675b0:   000000030a367630 00000001186a9b06 

Instructions: (pc=0x00007fff6cea6781)
0x00007fff6cea6681:   ff 4a 89 14 20 e9 a5 f7 ff ff 8b 95 48 ff ff ff
0x00007fff6cea6691:   c1 e2 10 09 ca 0b 95 40 ff ff ff 41 89 17 e9 8c
0x00007fff6cea66a1:   f7 ff ff 8a 8d 40 ff ff ff 41 88 4f 02 8a 8d 41
0x00007fff6cea66b1:   ff ff ff 41 88 4f 01 8a 8d 42 ff ff ff 41 88 0f
0x00007fff6cea66c1:   e9 6a f7 ff ff 48 8b 8d 40 ff ff ff 41 89 0f 48
0x00007fff6cea66d1:   c1 e9 10 41 88 0f 8a 8d 40 ff ff ff 41 88 4f 02
0x00007fff6cea66e1:   e9 4a f7 ff ff 4c 8b a5 20 ff ff ff e9 1e f5 ff
0x00007fff6cea66f1:   ff 0f b7 08 0f b6 40 02 c1 e0 10 09 c8 66 0f 6e
0x00007fff6cea6701:   c0 66 0f 60 c0 66 0f 61 c0 66 0f 72 e0 18 0f 5b
0x00007fff6cea6711:   e0 31 ff e9 f7 f4 ff ff 0f b7 48 04 66 0f 6e 00
0x00007fff6cea6721:   66 0f 6e c9 66 0f 61 c1 f3 0f 10 0d c7 73 04 00
0x00007fff6cea6731:   66 0f 70 c0 44 f2 0f 70 c0 a0 66 0f 72 e0 10 0f
0x00007fff6cea6741:   5b e0 bf 02 00 00 00 e9 c3 f4 ff ff f3 0f 10 40
0x00007fff6cea6751:   08 f2 0f 10 08 0f 16 c8 0f 5b e1 f3 0f 10 0d 94
0x00007fff6cea6761:   73 04 00 bf 04 00 00 00 e9 a2 f4 ff ff 0f 14 e1
0x00007fff6cea6771:   66 0f 3a 21 e0 28 bf 05 00 00 00 e9 86 f4 ff ff
0x00007fff6cea6781:   0f 28 20 e9 ff e6 ff ff 0f b7 08 0f b6 40 02 c1
0x00007fff6cea6791:   e0 10 09 c8 66 0f 6e c0 66 0f 60 c0 66 0f 61 c0
0x00007fff6cea67a1:   66 0f 72 e0 18 0f 5b c0 48 8b 85 28 ff ff ff 0f
0x00007fff6cea67b1:   59 80 40 01 00 00 f3 0f 10 88 30 01 00 00 0f c6
0x00007fff6cea67c1:   c9 00 0f 5f c1 f3 0f 10 0d 2a 73 04 00 66 0f 3a
0x00007fff6cea67d1:   0c e0 07 bf 08 00 00 00 e9 32 f4 ff ff 0f b7 48
0x00007fff6cea67e1:   04 66 0f 6e 00 66 0f 6e c9 66 0f 61 c1 66 0f 70
0x00007fff6cea67f1:   c0 44 f2 0f 70 c0 a0 66 0f 72 e0 10 0f 5b c0 48
0x00007fff6cea6801:   8b 85 28 ff ff ff 0f 59 80 50 01 00 00 f3 0f 10
0x00007fff6cea6811:   88 30 01 00 00 0f c6 c9 00 0f 5f c1 f3 0f 10 0d
0x00007fff6cea6821:   d3 72 04 00 66 0f 3a 0c e0 07 bf 0a 00 00 00 e9
0x00007fff6cea6831:   db f3 ff ff f3 0f 10 40 08 f2 0f 10 08 0f 16 c8
0x00007fff6cea6841:   0f 5b c1 48 8b 85 28 ff ff ff 0f 59 80 60 01 00
0x00007fff6cea6851:   00 f3 0f 10 88 30 01 00 00 0f c6 c9 00 0f 5f c1
0x00007fff6cea6861:   f3 0f 10 0d 8f 72 04 00 66 0f 3a 0c e0 07 bf 0c
0x00007fff6cea6871:   00 00 00 e9 97 f3 ff ff 66 0f 6e 40 08 f3 0f 7e 


Stack slot to memory mapping:
stack at sp + 0 slots: 0xcb000000cb000000 is an unknown value
stack at sp + 1 slots: 0xcb000000cb000000 is an unknown value
stack at sp + 2 slots: 0x0000040000000000 is an unknown value
stack at sp + 3 slots: 0x00007fac39308170 points into unknown readable memory: 0x3b8080813b808081 | 81 80 80 3b 81 80 80 3b
stack at sp + 4 slots: 0x00007fac39308140 points into unknown readable memory: 0x3c0102043c010204 | 04 02 01 3c 04 02 01 3c
stack at sp + 5 slots: 0x00007fac393081a0 points into unknown readable memory: 0x3780000037800000 | 00 00 80 37 00 00 80 37
stack at sp + 6 slots: 0x00007fac39308160 points into unknown readable memory: 0x3000000030000000 | 00 00 00 30 00 00 00 30
stack at sp + 7 slots: 0x00007fac39308180 points into unknown readable memory: 0x3780008037800080 | 80 00 80 37 80 00 80 37


---------------  P R O C E S S  ---------------

Threads class SMR info:
_java_thread_list=0x00007fac465833f0, length=16, elements={
0x00007fac468c8200, 0x00007fac468caa00, 0x00007fac47809200, 0x00007fac47824c00,
0x00007fac47826a00, 0x00007fac468c8800, 0x00007fac468c9600, 0x00007fac468ca400,
0x00007fac36810200, 0x00007fac4782c200, 0x00007fac468b5200, 0x00007fac46bd6a00,
0x00007fac46bfe400, 0x00007fac479f8400, 0x00007fac46cc3e00, 0x00007fac479f8a00
}

Java Threads: ( => current thread )
  0x00007fac468c8200 JavaThread "Reference Handler" daemon [_thread_blocked, id=22111, stack(0x0000000309005000,0x0000000309105000)]
  0x00007fac468caa00 JavaThread "Finalizer" daemon [_thread_blocked, id=22275, stack(0x0000000309108000,0x0000000309208000)]
  0x00007fac47809200 JavaThread "Signal Dispatcher" daemon [_thread_blocked, id=24835, stack(0x000000030931b000,0x000000030941b000)]
  0x00007fac47824c00 JavaThread "Service Thread" daemon [_thread_blocked, id=25091, stack(0x000000030941e000,0x000000030951e000)]
  0x00007fac47826a00 JavaThread "Monitor Deflation Thread" daemon [_thread_blocked, id=40195, stack(0x0000000309521000,0x0000000309621000)]
  0x00007fac468c8800 JavaThread "C2 CompilerThread0" daemon [_thread_blocked, id=39939, stack(0x0000000309624000,0x0000000309724000)]
  0x00007fac468c9600 JavaThread "C1 CompilerThread0" daemon [_thread_blocked, id=25859, stack(0x0000000309727000,0x0000000309827000)]
  0x00007fac468ca400 JavaThread "Sweeper thread" daemon [_thread_blocked, id=26371, stack(0x000000030982a000,0x000000030992a000)]
  0x00007fac36810200 JavaThread "Notification Thread" daemon [_thread_blocked, id=39587, stack(0x000000030992d000,0x0000000309a2d000)]
  0x00007fac4782c200 JavaThread "Common-Cleaner" daemon [_thread_blocked, id=27419, stack(0x0000000309b33000,0x0000000309c33000)]
  0x00007fac468b5200 JavaThread "AppKit Thread" daemon [_thread_in_native, id=515, stack(0x000000030806d000,0x000000030886d000)]
  0x00007fac46bd6a00 JavaThread "AWT-Shutdown" [_thread_blocked, id=85879, stack(0x0000000309c36000,0x0000000309d36000)]
  0x00007fac46bfe400 JavaThread "Java2D Queue Flusher" daemon [_thread_blocked, id=73987, stack(0x000000030a062000,0x000000030a162000)]
  0x00007fac479f8400 JavaThread "Java2D Disposer" daemon [_thread_blocked, id=61195, stack(0x000000030a165000,0x000000030a265000)]
=>0x00007fac46cc3e00 JavaThread "LWJGL Application" [_thread_in_native, id=78947, stack(0x000000030a268000,0x000000030a368000)]
  0x00007fac479f8a00 JavaThread "DestroyJavaVM" [_thread_blocked, id=7427, stack(0x00000003088f0000,0x00000003089f0000)]

Other Threads:
  0x00007fac4645aca0 VMThread "VM Thread" [stack: 0x0000000308f02000,0x0000000309002000] [id=15107]
  0x00007fac4650fd00 WatcherThread [stack: 0x0000000309a30000,0x0000000309b30000] [id=38935]
  0x00007fac4642d2d0 GCTaskThread "GC Thread#0" [stack: 0x00000003089f3000,0x0000000308af3000] [id=18691]
  0x00007fac465052b0 ConcurrentGCThread "G1 Main Marker" [stack: 0x0000000308af6000,0x0000000308bf6000] [id=13827]
  0x00007fac4642de10 ConcurrentGCThread "G1 Conc#0" [stack: 0x0000000308bf9000,0x0000000308cf9000] [id=17667]
  0x00007fac4644a7b0 ConcurrentGCThread "G1 Refine#0" [stack: 0x0000000308cfc000,0x0000000308dfc000] [id=16899]
  0x00007fac4644b680 ConcurrentGCThread "G1 Service" [stack: 0x0000000308dff000,0x0000000308eff000] [id=16387]

Threads with active compile tasks:

VM state: not at safepoint (normal execution)

VM Mutex/Monitor currently owned by a thread: None

Heap address: 0x0000000780000000, size: 2048 MB, Compressed Oops mode: Zero based, Oop shift amount: 3

CDS archive(s) mapped at: [0x0000000800000000-0x0000000800bbb000-0x0000000800bbb000), size 12300288, SharedBaseAddress: 0x0000000800000000, ArchiveRelocationMode: 0.
Compressed class space mapped at: 0x0000000800c00000-0x0000000840c00000, reserved size: 1073741824
Narrow klass base: 0x0000000800000000, Narrow klass shift: 3, Narrow klass range: 0x100000000

GC Precious Log:
 CPUs: 8 total, 8 available
 Memory: 8192M
 Large Page Support: Disabled
 NUMA Support: Disabled
 Compressed Oops: Enabled (Zero based)
 Heap Region Size: 1M
 Heap Min Capacity: 8M
 Heap Initial Capacity: 128M
 Heap Max Capacity: 2G
 Pre-touch: Disabled
 Parallel Workers: 8
 Concurrent Workers: 2
 Concurrent Refinement Workers: 8
 Periodic GC: Disabled

Heap:
 garbage-first heap   total 133120K, used 15304K [0x0000000780000000, 0x0000000800000000)
  region size 1024K, 15 young (15360K), 0 survivors (0K)
 Metaspace       used 6950K, committed 7104K, reserved 1056768K
  class space    used 610K, committed 704K, reserved 1048576K

Heap Regions: E=young(eden), S=young(survivor), O=old, HS=humongous(starts), HC=humongous(continues), CS=collection set, F=free, OA=open archive, CA=closed archive, TAMS=top-at-mark-start (previous, next)
|   0|0x0000000780000000, 0x0000000780000000, 0x0000000780100000|  0%| F|  |TAMS 0x0000000780000000, 0x0000000780000000| Untracked 
|   1|0x0000000780100000, 0x0000000780100000, 0x0000000780200000|  0%| F|  |TAMS 0x0000000780100000, 0x0000000780100000| Untracked 
|   2|0x0000000780200000, 0x0000000780200000, 0x0000000780300000|  0%| F|  |TAMS 0x0000000780200000, 0x0000000780200000| Untracked 
|   3|0x0000000780300000, 0x0000000780300000, 0x0000000780400000|  0%| F|  |TAMS 0x0000000780300000, 0x0000000780300000| Untracked 
|   4|0x0000000780400000, 0x0000000780400000, 0x0000000780500000|  0%| F|  |TAMS 0x0000000780400000, 0x0000000780400000| Untracked 
|   5|0x0000000780500000, 0x0000000780500000, 0x0000000780600000|  0%| F|  |TAMS 0x0000000780500000, 0x0000000780500000| Untracked 
|   6|0x0000000780600000, 0x0000000780600000, 0x0000000780700000|  0%| F|  |TAMS 0x0000000780600000, 0x0000000780600000| Untracked 
|   7|0x0000000780700000, 0x0000000780700000, 0x0000000780800000|  0%| F|  |TAMS 0x0000000780700000, 0x0000000780700000| Untracked 
|   8|0x0000000780800000, 0x0000000780800000, 0x0000000780900000|  0%| F|  |TAMS 0x0000000780800000, 0x0000000780800000| Untracked 
|   9|0x0000000780900000, 0x0000000780900000, 0x0000000780a00000|  0%| F|  |TAMS 0x0000000780900000, 0x0000000780900000| Untracked 
|  10|0x0000000780a00000, 0x0000000780a00000, 0x0000000780b00000|  0%| F|  |TAMS 0x0000000780a00000, 0x0000000780a00000| Untracked 
|  11|0x0000000780b00000, 0x0000000780b00000, 0x0000000780c00000|  0%| F|  |TAMS 0x0000000780b00000, 0x0000000780b00000| Untracked 
|  12|0x0000000780c00000, 0x0000000780c00000, 0x0000000780d00000|  0%| F|  |TAMS 0x0000000780c00000, 0x0000000780c00000| Untracked 
|  13|0x0000000780d00000, 0x0000000780d00000, 0x0000000780e00000|  0%| F|  |TAMS 0x0000000780d00000, 0x0000000780d00000| Untracked 
|  14|0x0000000780e00000, 0x0000000780e00000, 0x0000000780f00000|  0%| F|  |TAMS 0x0000000780e00000, 0x0000000780e00000| Untracked 
|  15|0x0000000780f00000, 0x0000000780f00000, 0x0000000781000000|  0%| F|  |TAMS 0x0000000780f00000, 0x0000000780f00000| Untracked 
|  16|0x0000000781000000, 0x0000000781000000, 0x0000000781100000|  0%| F|  |TAMS 0x0000000781000000, 0x0000000781000000| Untracked 
|  17|0x0000000781100000, 0x0000000781100000, 0x0000000781200000|  0%| F|  |TAMS 0x0000000781100000, 0x0000000781100000| Untracked 
|  18|0x0000000781200000, 0x0000000781200000, 0x0000000781300000|  0%| F|  |TAMS 0x0000000781200000, 0x0000000781200000| Untracked 
|  19|0x0000000781300000, 0x0000000781300000, 0x0000000781400000|  0%| F|  |TAMS 0x0000000781300000, 0x0000000781300000| Untracked 
|  20|0x0000000781400000, 0x0000000781400000, 0x0000000781500000|  0%| F|  |TAMS 0x0000000781400000, 0x0000000781400000| Untracked 
|  21|0x0000000781500000, 0x0000000781500000, 0x0000000781600000|  0%| F|  |TAMS 0x0000000781500000, 0x0000000781500000| Untracked 
|  22|0x0000000781600000, 0x0000000781600000, 0x0000000781700000|  0%| F|  |TAMS 0x0000000781600000, 0x0000000781600000| Untracked 
|  23|0x0000000781700000, 0x0000000781700000, 0x0000000781800000|  0%| F|  |TAMS 0x0000000781700000, 0x0000000781700000| Untracked 
|  24|0x0000000781800000, 0x0000000781800000, 0x0000000781900000|  0%| F|  |TAMS 0x0000000781800000, 0x0000000781800000| Untracked 
|  25|0x0000000781900000, 0x0000000781900000, 0x0000000781a00000|  0%| F|  |TAMS 0x0000000781900000, 0x0000000781900000| Untracked 
|  26|0x0000000781a00000, 0x0000000781a00000, 0x0000000781b00000|  0%| F|  |TAMS 0x0000000781a00000, 0x0000000781a00000| Untracked 
|  27|0x0000000781b00000, 0x0000000781b00000, 0x0000000781c00000|  0%| F|  |TAMS 0x0000000781b00000, 0x0000000781b00000| Untracked 
|  28|0x0000000781c00000, 0x0000000781c00000, 0x0000000781d00000|  0%| F|  |TAMS 0x0000000781c00000, 0x0000000781c00000| Untracked 
|  29|0x0000000781d00000, 0x0000000781d00000, 0x0000000781e00000|  0%| F|  |TAMS 0x0000000781d00000, 0x0000000781d00000| Untracked 
|  30|0x0000000781e00000, 0x0000000781e00000, 0x0000000781f00000|  0%| F|  |TAMS 0x0000000781e00000, 0x0000000781e00000| Untracked 
|  31|0x0000000781f00000, 0x0000000781f00000, 0x0000000782000000|  0%| F|  |TAMS 0x0000000781f00000, 0x0000000781f00000| Untracked 
|  32|0x0000000782000000, 0x0000000782000000, 0x0000000782100000|  0%| F|  |TAMS 0x0000000782000000, 0x0000000782000000| Untracked 
|  33|0x0000000782100000, 0x0000000782100000, 0x0000000782200000|  0%| F|  |TAMS 0x0000000782100000, 0x0000000782100000| Untracked 
|  34|0x0000000782200000, 0x0000000782200000, 0x0000000782300000|  0%| F|  |TAMS 0x0000000782200000, 0x0000000782200000| Untracked 
|  35|0x0000000782300000, 0x0000000782300000, 0x0000000782400000|  0%| F|  |TAMS 0x0000000782300000, 0x0000000782300000| Untracked 
|  36|0x0000000782400000, 0x0000000782400000, 0x0000000782500000|  0%| F|  |TAMS 0x0000000782400000, 0x0000000782400000| Untracked 
|  37|0x0000000782500000, 0x0000000782500000, 0x0000000782600000|  0%| F|  |TAMS 0x0000000782500000, 0x0000000782500000| Untracked 
|  38|0x0000000782600000, 0x0000000782600000, 0x0000000782700000|  0%| F|  |TAMS 0x0000000782600000, 0x0000000782600000| Untracked 
|  39|0x0000000782700000, 0x0000000782700000, 0x0000000782800000|  0%| F|  |TAMS 0x0000000782700000, 0x0000000782700000| Untracked 
|  40|0x0000000782800000, 0x0000000782800000, 0x0000000782900000|  0%| F|  |TAMS 0x0000000782800000, 0x0000000782800000| Untracked 
|  41|0x0000000782900000, 0x0000000782900000, 0x0000000782a00000|  0%| F|  |TAMS 0x0000000782900000, 0x0000000782900000| Untracked 
|  42|0x0000000782a00000, 0x0000000782a00000, 0x0000000782b00000|  0%| F|  |TAMS 0x0000000782a00000, 0x0000000782a00000| Untracked 
|  43|0x0000000782b00000, 0x0000000782b00000, 0x0000000782c00000|  0%| F|  |TAMS 0x0000000782b00000, 0x0000000782b00000| Untracked 
|  44|0x0000000782c00000, 0x0000000782c00000, 0x0000000782d00000|  0%| F|  |TAMS 0x0000000782c00000, 0x0000000782c00000| Untracked 
|  45|0x0000000782d00000, 0x0000000782d00000, 0x0000000782e00000|  0%| F|  |TAMS 0x0000000782d00000, 0x0000000782d00000| Untracked 
|  46|0x0000000782e00000, 0x0000000782e00000, 0x0000000782f00000|  0%| F|  |TAMS 0x0000000782e00000, 0x0000000782e00000| Untracked 
|  47|0x0000000782f00000, 0x0000000782f00000, 0x0000000783000000|  0%| F|  |TAMS 0x0000000782f00000, 0x0000000782f00000| Untracked 
|  48|0x0000000783000000, 0x0000000783000000, 0x0000000783100000|  0%| F|  |TAMS 0x0000000783000000, 0x0000000783000000| Untracked 
|  49|0x0000000783100000, 0x0000000783100000, 0x0000000783200000|  0%| F|  |TAMS 0x0000000783100000, 0x0000000783100000| Untracked 
|  50|0x0000000783200000, 0x0000000783200000, 0x0000000783300000|  0%| F|  |TAMS 0x0000000783200000, 0x0000000783200000| Untracked 
|  51|0x0000000783300000, 0x0000000783300000, 0x0000000783400000|  0%| F|  |TAMS 0x0000000783300000, 0x0000000783300000| Untracked 
|  52|0x0000000783400000, 0x0000000783400000, 0x0000000783500000|  0%| F|  |TAMS 0x0000000783400000, 0x0000000783400000| Untracked 
|  53|0x0000000783500000, 0x0000000783500000, 0x0000000783600000|  0%| F|  |TAMS 0x0000000783500000, 0x0000000783500000| Untracked 
|  54|0x0000000783600000, 0x0000000783600000, 0x0000000783700000|  0%| F|  |TAMS 0x0000000783600000, 0x0000000783600000| Untracked 
|  55|0x0000000783700000, 0x0000000783700000, 0x0000000783800000|  0%| F|  |TAMS 0x0000000783700000, 0x0000000783700000| Untracked 
|  56|0x0000000783800000, 0x0000000783800000, 0x0000000783900000|  0%| F|  |TAMS 0x0000000783800000, 0x0000000783800000| Untracked 
|  57|0x0000000783900000, 0x0000000783900000, 0x0000000783a00000|  0%| F|  |TAMS 0x0000000783900000, 0x0000000783900000| Untracked 
|  58|0x0000000783a00000, 0x0000000783a00000, 0x0000000783b00000|  0%| F|  |TAMS 0x0000000783a00000, 0x0000000783a00000| Untracked 
|  59|0x0000000783b00000, 0x0000000783b00000, 0x0000000783c00000|  0%| F|  |TAMS 0x0000000783b00000, 0x0000000783b00000| Untracked 
|  60|0x0000000783c00000, 0x0000000783c00000, 0x0000000783d00000|  0%| F|  |TAMS 0x0000000783c00000, 0x0000000783c00000| Untracked 
|  61|0x0000000783d00000, 0x0000000783d00000, 0x0000000783e00000|  0%| F|  |TAMS 0x0000000783d00000, 0x0000000783d00000| Untracked 
|  62|0x0000000783e00000, 0x0000000783e00000, 0x0000000783f00000|  0%| F|  |TAMS 0x0000000783e00000, 0x0000000783e00000| Untracked 
|  63|0x0000000783f00000, 0x0000000783f00000, 0x0000000784000000|  0%| F|  |TAMS 0x0000000783f00000, 0x0000000783f00000| Untracked 
|  64|0x0000000784000000, 0x0000000784000000, 0x0000000784100000|  0%| F|  |TAMS 0x0000000784000000, 0x0000000784000000| Untracked 
|  65|0x0000000784100000, 0x0000000784100000, 0x0000000784200000|  0%| F|  |TAMS 0x0000000784100000, 0x0000000784100000| Untracked 
|  66|0x0000000784200000, 0x0000000784200000, 0x0000000784300000|  0%| F|  |TAMS 0x0000000784200000, 0x0000000784200000| Untracked 
|  67|0x0000000784300000, 0x0000000784300000, 0x0000000784400000|  0%| F|  |TAMS 0x0000000784300000, 0x0000000784300000| Untracked 
|  68|0x0000000784400000, 0x0000000784400000, 0x0000000784500000|  0%| F|  |TAMS 0x0000000784400000, 0x0000000784400000| Untracked 
|  69|0x0000000784500000, 0x0000000784500000, 0x0000000784600000|  0%| F|  |TAMS 0x0000000784500000, 0x0000000784500000| Untracked 
|  70|0x0000000784600000, 0x0000000784600000, 0x0000000784700000|  0%| F|  |TAMS 0x0000000784600000, 0x0000000784600000| Untracked 
|  71|0x0000000784700000, 0x0000000784700000, 0x0000000784800000|  0%| F|  |TAMS 0x0000000784700000, 0x0000000784700000| Untracked 
|  72|0x0000000784800000, 0x0000000784800000, 0x0000000784900000|  0%| F|  |TAMS 0x0000000784800000, 0x0000000784800000| Untracked 
|  73|0x0000000784900000, 0x0000000784900000, 0x0000000784a00000|  0%| F|  |TAMS 0x0000000784900000, 0x0000000784900000| Untracked 
|  74|0x0000000784a00000, 0x0000000784a00000, 0x0000000784b00000|  0%| F|  |TAMS 0x0000000784a00000, 0x0000000784a00000| Untracked 
|  75|0x0000000784b00000, 0x0000000784b00000, 0x0000000784c00000|  0%| F|  |TAMS 0x0000000784b00000, 0x0000000784b00000| Untracked 
|  76|0x0000000784c00000, 0x0000000784c00000, 0x0000000784d00000|  0%| F|  |TAMS 0x0000000784c00000, 0x0000000784c00000| Untracked 
|  77|0x0000000784d00000, 0x0000000784d00000, 0x0000000784e00000|  0%| F|  |TAMS 0x0000000784d00000, 0x0000000784d00000| Untracked 
|  78|0x0000000784e00000, 0x0000000784e00000, 0x0000000784f00000|  0%| F|  |TAMS 0x0000000784e00000, 0x0000000784e00000| Untracked 
|  79|0x0000000784f00000, 0x0000000784f00000, 0x0000000785000000|  0%| F|  |TAMS 0x0000000784f00000, 0x0000000784f00000| Untracked 
|  80|0x0000000785000000, 0x0000000785000000, 0x0000000785100000|  0%| F|  |TAMS 0x0000000785000000, 0x0000000785000000| Untracked 
|  81|0x0000000785100000, 0x0000000785100000, 0x0000000785200000|  0%| F|  |TAMS 0x0000000785100000, 0x0000000785100000| Untracked 
|  82|0x0000000785200000, 0x0000000785200000, 0x0000000785300000|  0%| F|  |TAMS 0x0000000785200000, 0x0000000785200000| Untracked 
|  83|0x0000000785300000, 0x0000000785300000, 0x0000000785400000|  0%| F|  |TAMS 0x0000000785300000, 0x0000000785300000| Untracked 
|  84|0x0000000785400000, 0x0000000785400000, 0x0000000785500000|  0%| F|  |TAMS 0x0000000785400000, 0x0000000785400000| Untracked 
|  85|0x0000000785500000, 0x0000000785500000, 0x0000000785600000|  0%| F|  |TAMS 0x0000000785500000, 0x0000000785500000| Untracked 
|  86|0x0000000785600000, 0x0000000785600000, 0x0000000785700000|  0%| F|  |TAMS 0x0000000785600000, 0x0000000785600000| Untracked 
|  87|0x0000000785700000, 0x0000000785700000, 0x0000000785800000|  0%| F|  |TAMS 0x0000000785700000, 0x0000000785700000| Untracked 
|  88|0x0000000785800000, 0x0000000785800000, 0x0000000785900000|  0%| F|  |TAMS 0x0000000785800000, 0x0000000785800000| Untracked 
|  89|0x0000000785900000, 0x0000000785900000, 0x0000000785a00000|  0%| F|  |TAMS 0x0000000785900000, 0x0000000785900000| Untracked 
|  90|0x0000000785a00000, 0x0000000785a00000, 0x0000000785b00000|  0%| F|  |TAMS 0x0000000785a00000, 0x0000000785a00000| Untracked 
|  91|0x0000000785b00000, 0x0000000785b00000, 0x0000000785c00000|  0%| F|  |TAMS 0x0000000785b00000, 0x0000000785b00000| Untracked 
|  92|0x0000000785c00000, 0x0000000785c00000, 0x0000000785d00000|  0%| F|  |TAMS 0x0000000785c00000, 0x0000000785c00000| Untracked 
|  93|0x0000000785d00000, 0x0000000785d00000, 0x0000000785e00000|  0%| F|  |TAMS 0x0000000785d00000, 0x0000000785d00000| Untracked 
|  94|0x0000000785e00000, 0x0000000785e00000, 0x0000000785f00000|  0%| F|  |TAMS 0x0000000785e00000, 0x0000000785e00000| Untracked 
|  95|0x0000000785f00000, 0x0000000785f00000, 0x0000000786000000|  0%| F|  |TAMS 0x0000000785f00000, 0x0000000785f00000| Untracked 
|  96|0x0000000786000000, 0x0000000786000000, 0x0000000786100000|  0%| F|  |TAMS 0x0000000786000000, 0x0000000786000000| Untracked 
|  97|0x0000000786100000, 0x0000000786100000, 0x0000000786200000|  0%| F|  |TAMS 0x0000000786100000, 0x0000000786100000| Untracked 
|  98|0x0000000786200000, 0x0000000786200000, 0x0000000786300000|  0%| F|  |TAMS 0x0000000786200000, 0x0000000786200000| Untracked 
|  99|0x0000000786300000, 0x0000000786300000, 0x0000000786400000|  0%| F|  |TAMS 0x0000000786300000, 0x0000000786300000| Untracked 
| 100|0x0000000786400000, 0x0000000786400000, 0x0000000786500000|  0%| F|  |TAMS 0x0000000786400000, 0x0000000786400000| Untracked 
| 101|0x0000000786500000, 0x0000000786500000, 0x0000000786600000|  0%| F|  |TAMS 0x0000000786500000, 0x0000000786500000| Untracked 
| 102|0x0000000786600000, 0x0000000786600000, 0x0000000786700000|  0%| F|  |TAMS 0x0000000786600000, 0x0000000786600000| Untracked 
| 103|0x0000000786700000, 0x0000000786700000, 0x0000000786800000|  0%| F|  |TAMS 0x0000000786700000, 0x0000000786700000| Untracked 
| 104|0x0000000786800000, 0x0000000786800000, 0x0000000786900000|  0%| F|  |TAMS 0x0000000786800000, 0x0000000786800000| Untracked 
| 105|0x0000000786900000, 0x0000000786900000, 0x0000000786a00000|  0%| F|  |TAMS 0x0000000786900000, 0x0000000786900000| Untracked 
| 106|0x0000000786a00000, 0x0000000786a00000, 0x0000000786b00000|  0%| F|  |TAMS 0x0000000786a00000, 0x0000000786a00000| Untracked 
| 107|0x0000000786b00000, 0x0000000786b00000, 0x0000000786c00000|  0%| F|  |TAMS 0x0000000786b00000, 0x0000000786b00000| Untracked 
| 108|0x0000000786c00000, 0x0000000786c00000, 0x0000000786d00000|  0%| F|  |TAMS 0x0000000786c00000, 0x0000000786c00000| Untracked 
| 109|0x0000000786d00000, 0x0000000786d00000, 0x0000000786e00000|  0%| F|  |TAMS 0x0000000786d00000, 0x0000000786d00000| Untracked 
| 110|0x0000000786e00000, 0x0000000786e00000, 0x0000000786f00000|  0%| F|  |TAMS 0x0000000786e00000, 0x0000000786e00000| Untracked 
| 111|0x0000000786f00000, 0x0000000786f00000, 0x0000000787000000|  0%| F|  |TAMS 0x0000000786f00000, 0x0000000786f00000| Untracked 
| 112|0x0000000787000000, 0x0000000787000000, 0x0000000787100000|  0%| F|  |TAMS 0x0000000787000000, 0x0000000787000000| Untracked 
| 113|0x0000000787100000, 0x00000007871ec0d0, 0x0000000787200000| 92%| E|  |TAMS 0x0000000787100000, 0x0000000787100000| Complete 
| 114|0x0000000787200000, 0x0000000787300000, 0x0000000787300000|100%| E|CS|TAMS 0x0000000787200000, 0x0000000787200000| Complete 
| 115|0x0000000787300000, 0x0000000787400000, 0x0000000787400000|100%| E|CS|TAMS 0x0000000787300000, 0x0000000787300000| Complete 
| 116|0x0000000787400000, 0x0000000787500000, 0x0000000787500000|100%| E|CS|TAMS 0x0000000787400000, 0x0000000787400000| Complete 
| 117|0x0000000787500000, 0x0000000787600000, 0x0000000787600000|100%| E|CS|TAMS 0x0000000787500000, 0x0000000787500000| Complete 
| 118|0x0000000787600000, 0x0000000787700000, 0x0000000787700000|100%| E|CS|TAMS 0x0000000787600000, 0x0000000787600000| Complete 
| 119|0x0000000787700000, 0x0000000787800000, 0x0000000787800000|100%| E|CS|TAMS 0x0000000787700000, 0x0000000787700000| Complete 
| 120|0x0000000787800000, 0x0000000787900000, 0x0000000787900000|100%| E|CS|TAMS 0x0000000787800000, 0x0000000787800000| Complete 
| 121|0x0000000787900000, 0x0000000787a00000, 0x0000000787a00000|100%| E|CS|TAMS 0x0000000787900000, 0x0000000787900000| Complete 
| 122|0x0000000787a00000, 0x0000000787b00000, 0x0000000787b00000|100%| E|CS|TAMS 0x0000000787a00000, 0x0000000787a00000| Complete 
| 123|0x0000000787b00000, 0x0000000787c00000, 0x0000000787c00000|100%| E|CS|TAMS 0x0000000787b00000, 0x0000000787b00000| Complete 
| 124|0x0000000787c00000, 0x0000000787d00000, 0x0000000787d00000|100%| E|CS|TAMS 0x0000000787c00000, 0x0000000787c00000| Complete 
| 125|0x0000000787d00000, 0x0000000787e00000, 0x0000000787e00000|100%| E|CS|TAMS 0x0000000787d00000, 0x0000000787d00000| Complete 
| 126|0x0000000787e00000, 0x0000000787f00000, 0x0000000787f00000|100%| E|CS|TAMS 0x0000000787e00000, 0x0000000787e00000| Complete 
| 127|0x0000000787f00000, 0x0000000788000000, 0x0000000788000000|100%| E|CS|TAMS 0x0000000787f00000, 0x0000000787f00000| Complete 
|1022|0x00000007bfe00000, 0x00000007bfe75000, 0x00000007bff00000| 45%|OA|  |TAMS 0x00000007bfe00000, 0x00000007bfe00000| Untracked 
|1023|0x00000007bff00000, 0x00000007bff7d000, 0x00000007c0000000| 48%|CA|  |TAMS 0x00000007bff00000, 0x00000007bff00000| Untracked 

Card table byte_map: [0x0000000127c72000,0x0000000128072000] _byte_map_base: 0x0000000124072000

Marking Bits (Prev, Next): (CMBitMap*) 0x00007fac47809c10, (CMBitMap*) 0x00007fac47809c50
 Prev Bits: [0x0000000128472000, 0x000000012a472000)
 Next Bits: [0x000000012a472000, 0x000000012c472000)

Polling page: 0x000000010234c000

Metaspace:

Usage:
  Non-class:      6.19 MB used.
      Class:    610.22 KB used.
       Both:      6.79 MB used.

Virtual space:
  Non-class space:        8.00 MB reserved,       6.25 MB ( 78%) committed,  1 nodes.
      Class space:        1.00 GB reserved,     704.00 KB ( <1%) committed,  1 nodes.
              Both:        1.01 GB reserved,       6.94 MB ( <1%) committed. 

Chunk freelists:
   Non-Class:  1.75 MB
       Class:  3.14 MB
        Both:  4.89 MB

MaxMetaspaceSize: 17179869184.00 GB
CompressedClassSpaceSize: 1.00 GB
 - commit_granule_bytes: 65536.
 - commit_granule_words: 8192.
 - virtual_space_node_default_size: 1048576.
 - enlarge_chunks_in_place: 1.
 - new_chunks_are_fully_committed: 0.
 - uncommit_free_chunks: 1.
 - use_allocation_guard: 0.
 - handle_deallocations: 1.


Internal statistics:

num_allocs_failed_limit: 0.
num_arena_births: 68.
num_arena_deaths: 0.
num_vsnodes_births: 2.
num_vsnodes_deaths: 0.
num_space_committed: 109.
num_space_uncommitted: 0.
num_chunks_returned_to_freelist: 0.
num_chunks_taken_from_freelist: 166.
num_chunk_merges: 0.
num_chunk_splits: 121.
num_chunks_enlarged: 88.
num_purges: 0.

CodeHeap 'non-profiled nmethods': size=120028Kb used=271Kb max_used=271Kb free=119756Kb
 bounds [0x0000000120165000, 0x00000001203d5000, 0x000000012769c000]
CodeHeap 'profiled nmethods': size=120028Kb used=1411Kb max_used=1411Kb free=118616Kb
 bounds [0x0000000118c2e000, 0x0000000118e9e000, 0x0000000120165000]
CodeHeap 'non-nmethods': size=5704Kb used=1327Kb max_used=1345Kb free=4376Kb
 bounds [0x000000011869c000, 0x000000011890c000, 0x0000000118c2e000]
 total_blobs=1524 nmethods=852 adapters=587
 compilation: enabled
              stopped_count=0, restarted_count=0
 full_count=0

Compilation events (20 events):
Event: 1.926 Thread 0x00007fac468c9600  843       3       sun.misc.Unsafe::getLong (9 bytes)
Event: 1.926 Thread 0x00007fac468c9600 nmethod 843 0x0000000118d8b390 code [0x0000000118d8b520, 0x0000000118d8b630]
Event: 1.927 Thread 0x00007fac468c9600  844       3       java.lang.StringCoding::newStringUTF8NoRepl (56 bytes)
Event: 1.927 Thread 0x00007fac468c9600 nmethod 844 0x0000000118d8b710 code [0x0000000118d8b920, 0x0000000118d8bf90]
Event: 1.928 Thread 0x00007fac468c8800  845   !   4       jdk.internal.loader.URLClassPath$JarLoader::ensureOpen (36 bytes)
Event: 1.929 Thread 0x00007fac468c8800 nmethod 845 0x00000001201a6310 code [0x00000001201a64c0, 0x00000001201a6658]
Event: 1.929 Thread 0x00007fac468c8800  846   !   4       jdk.internal.loader.URLClassPath$JarLoader::getResource (65 bytes)
Event: 1.930 Thread 0x00007fac468c9600  848   !   3       java.util.zip.ZipFile$ZipFileInputStream::read (135 bytes)
Event: 1.930 Thread 0x00007fac468c9600 nmethod 848 0x0000000118d8c210 code [0x0000000118d8c420, 0x0000000118d8cab0]
Event: 1.930 Thread 0x00007fac468c9600  849       3       java.util.zip.ZipFile::ensureOpenOrZipException (19 bytes)
Event: 1.930 Thread 0x00007fac468c9600 nmethod 849 0x0000000118d8ce10 code [0x0000000118d8cfc0, 0x0000000118d8d180]
Event: 1.930 Thread 0x00007fac468c9600  850       3       java.util.zip.ZipFile$ZipFileInputStream::initDataOffset (117 bytes)
Event: 1.930 Thread 0x00007fac468c9600 nmethod 850 0x0000000118d8d290 code [0x0000000118d8d4c0, 0x0000000118d8dc60]
Event: 1.930 Thread 0x00007fac468c9600  851   !   3       java.util.zip.Inflater::setInput (69 bytes)
Event: 1.930 Thread 0x00007fac468c9600 nmethod 851 0x0000000118d8df90 code [0x0000000118d8e160, 0x0000000118d8e520]
Event: 1.933 Thread 0x00007fac468c9600  852       3       java.lang.invoke.Invokers$Holder::linkToTargetMethod (9 bytes)
Event: 1.933 Thread 0x00007fac468c9600 nmethod 852 0x0000000118d8e690 code [0x0000000118d8e840, 0x0000000118d8ec50]
Event: 1.936 Thread 0x00007fac468c8800 nmethod 846 0x00000001201a6790 code [0x00000001201a6a60, 0x00000001201a7ae8]
Event: 1.936 Thread 0x00007fac468c8800  847       4       java.lang.StringLatin1::replace (198 bytes)
Event: 1.942 Thread 0x00007fac468c8800 nmethod 847 0x00000001201a8510 code [0x00000001201a86a0, 0x00000001201a8bb8]

GC Heap History (0 events):
No events

Deoptimization events (20 events):
Event: 0.206 Thread 0x00007fac46811a00 DEOPT PACKING pc=0x0000000118c787ee sp=0x00000003089eb540
Event: 0.206 Thread 0x00007fac46811a00 DEOPT UNPACKING pc=0x00000001186e9b9b sp=0x00000003089ea9b0 mode 0
Event: 0.212 Thread 0x00007fac46811a00 DEOPT PACKING pc=0x0000000118c787ee sp=0x00000003089eb7b0
Event: 0.212 Thread 0x00007fac46811a00 DEOPT UNPACKING pc=0x00000001186e9b9b sp=0x00000003089eac20 mode 0
Event: 1.571 Thread 0x00007fac46811a00 DEOPT PACKING pc=0x0000000118c787ee sp=0x00000003089ed3f0
Event: 1.571 Thread 0x00007fac46811a00 DEOPT UNPACKING pc=0x00000001186e9b9b sp=0x00000003089ec860 mode 0
Event: 1.574 Thread 0x00007fac46811a00 DEOPT PACKING pc=0x0000000118c787ee sp=0x00000003089ed3a0
Event: 1.574 Thread 0x00007fac46811a00 DEOPT UNPACKING pc=0x00000001186e9b9b sp=0x00000003089ec810 mode 0
Event: 1.621 Thread 0x00007fac46811a00 Uncommon trap: trap_request=0xffffff45 fr.pc=0x000000012016d578 relative=0x00000000000001d8
Event: 1.621 Thread 0x00007fac46811a00 Uncommon trap: reason=unstable_if action=reinterpret pc=0x000000012016d578 method=java.lang.String.startsWith(Ljava/lang/String;I)Z @ 1 c2
Event: 1.621 Thread 0x00007fac46811a00 DEOPT PACKING pc=0x000000012016d578 sp=0x00000003089ee4e0
Event: 1.621 Thread 0x00007fac46811a00 DEOPT UNPACKING pc=0x00000001186e941e sp=0x00000003089ee468 mode 2
Event: 1.699 Thread 0x00007fac46cc3e00 Uncommon trap: trap_request=0xffffff45 fr.pc=0x000000012019330c relative=0x000000000000006c
Event: 1.699 Thread 0x00007fac46cc3e00 Uncommon trap: reason=unstable_if action=reinterpret pc=0x000000012019330c method=sun.net.www.ParseUtil.firstEncodeIndex(Ljava/lang/String;)I @ 51 c2
Event: 1.699 Thread 0x00007fac46cc3e00 DEOPT PACKING pc=0x000000012019330c sp=0x000000030a367370
Event: 1.699 Thread 0x00007fac46cc3e00 DEOPT UNPACKING pc=0x00000001186e941e sp=0x000000030a367318 mode 2
Event: 1.847 Thread 0x00007fac46cc3e00 Uncommon trap: trap_request=0xffffff45 fr.pc=0x0000000120169dfc relative=0x000000000000005c
Event: 1.847 Thread 0x00007fac46cc3e00 Uncommon trap: reason=unstable_if action=reinterpret pc=0x0000000120169dfc method=java.lang.String.isLatin1()Z @ 10 c2
Event: 1.847 Thread 0x00007fac46cc3e00 DEOPT PACKING pc=0x0000000120169dfc sp=0x000000030a367240
Event: 1.847 Thread 0x00007fac46cc3e00 DEOPT UNPACKING pc=0x00000001186e941e sp=0x000000030a3671f0 mode 2

Classes unloaded (0 events):
No events

Classes redefined (0 events):
No events

Internal exceptions (9 events):
Event: 0.191 Thread 0x00007fac46811a00 Exception <a 'java/lang/NoSuchMethodError'{0x0000000787dffd80}: 'void java.lang.invoke.DirectMethodHandle$Holder.invokeSpecial(java.lang.Object, java.lang.Object, java.lang.Object)'> (0x0000000787dffd80) 
thrown [./open/src/hotspot/share/interpreter/linkResolver.cpp, line 790]
Event: 0.228 Thread 0x00007fac46811a00 Exception <a 'java/lang/ClassNotFoundException'{0x0000000787c595f0}: sun/awt/resources/spi/awtProvider> (0x0000000787c595f0) 
thrown [./open/src/hotspot/share/classfile/systemDictionary.cpp, line 256]
Event: 0.252 Thread 0x00007fac46811a00 Exception <a 'java/io/FileNotFoundException'{0x0000000787ca13d0}> (0x0000000787ca13d0) 
thrown [./open/src/hotspot/share/prims/jni.cpp, line 579]
Event: 0.271 Thread 0x00007fac46811a00 Exception <a 'java/io/FileNotFoundException'{0x0000000787ccfa60}> (0x0000000787ccfa60) 
thrown [./open/src/hotspot/share/prims/jni.cpp, line 579]
Event: 0.272 Thread 0x00007fac46811a00 Exception <a 'java/lang/NoSuchMethodError'{0x0000000787cd0a98}: 'java.lang.Object java.lang.invoke.DirectMethodHandle$Holder.invokeStatic(java.lang.Object)'> (0x0000000787cd0a98) 
thrown [./open/src/hotspot/share/interpreter/linkResolver.cpp, line 790]
Event: 0.275 Thread 0x00007fac46811a00 Exception <a 'java/lang/NoSuchMethodError'{0x0000000787cd6830}: 'java.lang.Object java.lang.invoke.DirectMethodHandle$Holder.invokeStaticInit(java.lang.Object)'> (0x0000000787cd6830) 
thrown [./open/src/hotspot/share/interpreter/linkResolver.cpp, line 790]
Event: 0.279 Thread 0x00007fac46811a00 Exception <a 'java/lang/ClassNotFoundException'{0x0000000787cdcd08}: sun/awt/resources/spi/awtosxProvider> (0x0000000787cdcd08) 
thrown [./open/src/hotspot/share/classfile/systemDictionary.cpp, line 256]
Event: 1.541 Thread 0x00007fac46811a00 Exception <a 'java/lang/NoSuchMethodError'{0x0000000787b07b48}: 'void java.lang.invoke.DirectMethodHandle$Holder.invokeStatic(java.lang.Object, java.lang.Object)'> (0x0000000787b07b48) 
thrown [./open/src/hotspot/share/interpreter/linkResolver.cpp, line 790]
Event: 1.834 Thread 0x00007fac46cc3e00 Exception <a 'java/lang/ClassNotFoundException'{0x00000007875f9dd8}: sun/util/logging/resources/spi/loggingProvider> (0x00000007875f9dd8) 
thrown [./open/src/hotspot/share/classfile/systemDictionary.cpp, line 256]

Events (20 events):
Event: 1.849 loading class java/util/Formatter$DateTime
Event: 1.849 loading class java/util/Formatter$DateTime done
Event: 1.849 loading class java/util/Formatter$FixedString
Event: 1.849 loading class java/util/Formatter$FixedString done
Event: 1.849 loading class java/time/ZonedDateTime$1
Event: 1.849 loading class java/time/ZonedDateTime$1 done
Event: 1.869 loading class java/util/concurrent/RejectedExecutionException
Event: 1.869 loading class java/util/concurrent/RejectedExecutionException done
Event: 1.869 loading class java/util/concurrent/Executors
Event: 1.869 loading class java/util/concurrent/Executors done
Event: 1.885 loading class java/io/BufferedReader
Event: 1.886 loading class java/io/BufferedReader done
Event: 1.886 loading class sun/nio/cs/StreamDecoder
Event: 1.886 loading class sun/nio/cs/StreamDecoder done
Event: 1.886 loading class sun/nio/cs/UTF_8$Decoder
Event: 1.886 loading class java/nio/charset/CharsetDecoder
Event: 1.886 loading class java/nio/charset/CharsetDecoder done
Event: 1.886 loading class sun/nio/cs/UTF_8$Decoder done
Event: 1.901 loading class java/nio/DirectShortBufferU
Event: 1.901 loading class java/nio/DirectShortBufferU done


Dynamic libraries:
0x00007ffdffd2c000 	/Library/Apple/usr/libexec/oah/runtime
0x00007fff2a5be000 	/usr/lib/libz.1.dylib
0x000000010a5f0000 	/Library/Java/JavaVirtualMachines/jdk-16.0.2.jdk/Contents/Home/lib/libjli.dylib
0x00007fff35270000 	/System/Library/Frameworks/Cocoa.framework/Versions/A/Cocoa
0x00007fff22118000 	/System/Library/Frameworks/Security.framework/Versions/A/Security
0x00007fff3346d000 	/System/Library/Frameworks/ApplicationServices.framework/Versions/A/ApplicationServices
0x00007fff2a68a000 	/usr/lib/libSystem.B.dylib
0x00007fff2a684000 	/usr/lib/system/libcache.dylib
0x00007fff2a640000 	/usr/lib/system/libcommonCrypto.dylib
0x00007fff2a66a000 	/usr/lib/system/libcompiler_rt.dylib
0x00007fff2a65f000 	/usr/lib/system/libcopyfile.dylib
0x00007fff200b6000 	/usr/lib/system/libcorecrypto.dylib
0x00007fff20183000 	/usr/lib/system/libdispatch.dylib
0x00007fff20338000 	/usr/lib/system/libdyld.dylib
0x00007fff2a67b000 	/usr/lib/system/libkeymgr.dylib
0x00007fff2dc1f000 	/usr/lib/system/liblaunch.dylib
0x00007fff2a61e000 	/usr/lib/system/libmacho.dylib
0x00007fff29e33000 	/usr/lib/system/libquarantine.dylib
0x00007fff2a678000 	/usr/lib/system/libremovefile.dylib
0x00007fff24aaf000 	/usr/lib/system/libsystem_asl.dylib
0x00007fff20066000 	/usr/lib/system/libsystem_blocks.dylib
0x00007fff20205000 	/usr/lib/system/libsystem_c.dylib
0x00007fff2a672000 	/usr/lib/system/libsystem_collections.dylib
0x00007fff29220000 	/usr/lib/system/libsystem_configuration.dylib
0x00007fff2850f000 	/usr/lib/system/libsystem_containermanager.dylib
0x00007fff2a3b6000 	/usr/lib/system/libsystem_coreservices.dylib
0x00007fff226cc000 	/usr/lib/system/libsystem_darwin.dylib
0x00007fff2a67c000 	/usr/lib/system/libsystem_dnssd.dylib
0x00007fff20202000 	/usr/lib/system/libsystem_featureflags.dylib
0x00007fff2037d000 	/usr/lib/system/libsystem_info.dylib
0x00007fff2a5d1000 	/usr/lib/system/libsystem_m.dylib
0x00007fff20156000 	/usr/lib/system/libsystem_malloc.dylib
0x00007fff24a43000 	/usr/lib/system/libsystem_networkextension.dylib
0x00007fff22ae7000 	/usr/lib/system/libsystem_notify.dylib
0x00007fff300d3000 	/usr/lib/system/libsystem_product_info_filter.dylib
0x00007fff29224000 	/usr/lib/system/libsystem_sandbox.dylib
0x00007fff2a675000 	/usr/lib/system/libsystem_secinit.dylib
0x00007fff202fd000 	/usr/lib/system/libsystem_kernel.dylib
0x00007fff20373000 	/usr/lib/system/libsystem_platform.dylib
0x00007fff2032c000 	/usr/lib/system/libsystem_pthread.dylib
0x00007fff261dd000 	/usr/lib/system/libsystem_symptoms.dylib
0x00007fff2009e000 	/usr/lib/system/libsystem_trace.dylib
0x00007fff2a64c000 	/usr/lib/system/libunwind.dylib
0x00007fff20068000 	/usr/lib/system/libxpc.dylib
0x00007fff202e4000 	/usr/lib/libc++abi.dylib
0x00007fff201c8000 	/usr/lib/libobjc.A.dylib
0x00007fff2a657000 	/usr/lib/liboah.dylib
0x00007fff2028e000 	/usr/lib/libc++.1.dylib
0x00007fff203a9000 	/System/Library/Frameworks/CoreFoundation.framework/Versions/A/CoreFoundation
0x00007fff2108b000 	/System/Library/Frameworks/Foundation.framework/Versions/C/Foundation
0x00007fff22b3f000 	/System/Library/Frameworks/AppKit.framework/Versions/C/AppKit
0x00007fff259fd000 	/System/Library/Frameworks/CoreData.framework/Versions/A/CoreData
0x00007fff238a2000 	/System/Library/PrivateFrameworks/UIFoundation.framework/Versions/A/UIFoundation
0x00007fff2fe4c000 	/System/Library/PrivateFrameworks/RemoteViewServices.framework/Versions/A/RemoteViewServices
0x00007fff28bd9000 	/System/Library/PrivateFrameworks/XCTTargetBootstrap.framework/Versions/A/XCTTargetBootstrap
0x00007fff2b928000 	/usr/lib/libspindump.dylib
0x00007fff23af7000 	/System/Library/Frameworks/UniformTypeIdentifiers.framework/Versions/A/UniformTypeIdentifiers
0x00007fff273af000 	/usr/lib/libapp_launch_measurement.dylib
0x00007fff273b2000 	/System/Library/PrivateFrameworks/CoreAutoLayout.framework/Versions/A/CoreAutoLayout
0x00007fff2853b000 	/System/Library/Frameworks/Metal.framework/Versions/A/Metal
0x00007fff2922f000 	/usr/lib/liblangid.dylib
0x00007fff28bdd000 	/System/Library/PrivateFrameworks/CoreSVG.framework/Versions/A/CoreSVG
0x00007fff24ade000 	/System/Library/PrivateFrameworks/SkyLight.framework/Versions/A/SkyLight
0x00007fff24e45000 	/System/Library/Frameworks/CoreGraphics.framework/Versions/A/CoreGraphics
0x00007fff304a3000 	/System/Library/Frameworks/Accelerate.framework/Versions/A/Accelerate
0x00007fff2b363000 	/System/Library/PrivateFrameworks/IconServices.framework/Versions/A/IconServices
0x00007fff28520000 	/System/Library/Frameworks/IOSurface.framework/Versions/A/IOSurface
0x00007fff2638f000 	/usr/lib/libDiagnosticMessagesClient.dylib
0x00007fff28bc5000 	/System/Library/PrivateFrameworks/DFRFoundation.framework/Versions/A/DFRFoundation
0x00007fff2246a000 	/usr/lib/libicucore.A.dylib
0x00007fff2ce6d000 	/System/Library/Frameworks/AudioToolbox.framework/Versions/A/AudioToolbox
0x00007fff2c112000 	/System/Library/PrivateFrameworks/DataDetectorsCore.framework/Versions/A/DataDetectorsCore
0x00007fff288c5000 	/System/Library/Frameworks/Carbon.framework/Versions/A/Frameworks/HIToolbox.framework/Versions/A/HIToolbox
0x00007fff26e0a000 	/System/Library/Frameworks/QuartzCore.framework/Versions/A/QuartzCore
0x00007fff2fe88000 	/System/Library/Frameworks/Carbon.framework/Versions/A/Frameworks/SpeechRecognition.framework/Versions/A/SpeechRecognition
0x00007fff27117000 	/System/Library/PrivateFrameworks/CoreUI.framework/Versions/A/CoreUI
0x00007fff21a73000 	/System/Library/Frameworks/CoreAudio.framework/Versions/A/CoreAudio
0x00007fff2647a000 	/System/Library/Frameworks/DiskArbitration.framework/Versions/A/DiskArbitration
0x00007fff2bd22000 	/System/Library/PrivateFrameworks/MultitouchSupport.framework/Versions/A/MultitouchSupport
0x00007fff2c109000 	/System/Library/PrivateFrameworks/InternationalSupport.framework/Versions/A/InternationalSupport
0x00007fff24a52000 	/usr/lib/libenergytrace.dylib
0x00007fff22a38000 	/System/Library/Frameworks/IOKit.framework/Versions/A/IOKit
0x00007fff301d5000 	/System/Library/Frameworks/CoreServices.framework/Versions/A/CoreServices
0x00007fff27345000 	/System/Library/PrivateFrameworks/PerformanceAnalysis.framework/Versions/A/PerformanceAnalysis
0x00007fff6cb4b000 	/System/Library/Frameworks/OpenGL.framework/Versions/A/OpenGL
0x00007fff2c18e000 	/System/Library/PrivateFrameworks/UserActivity.framework/Versions/A/UserActivity
0x00007fff254ff000 	/System/Library/Frameworks/ColorSync.framework/Versions/A/ColorSync
0x00007fff28e46000 	/System/Library/Frameworks/CoreImage.framework/Versions/A/CoreImage
0x00007fff2188a000 	/System/Library/Frameworks/CoreText.framework/Versions/A/CoreText
0x00007fff28c07000 	/System/Library/Frameworks/ImageIO.framework/Versions/A/ImageIO
0x00007fff2a690000 	/System/Library/PrivateFrameworks/SoftLinking.framework/Versions/A/SoftLinking
0x00007fff273fb000 	/usr/lib/libxml2.2.dylib
0x00007fff2a902000 	/usr/lib/libcompression.dylib
0x00007fff24a53000 	/usr/lib/libMobileGestalt.dylib
0x00007fff2c03c000 	/System/Library/PrivateFrameworks/TextureIO.framework/Versions/A/TextureIO
0x00007fff2aff0000 	/usr/lib/libate.dylib
0x00007fff2ad1b000 	/usr/lib/liblzma.5.dylib
0x00007fff20d9f000 	/System/Library/Frameworks/SystemConfiguration.framework/Versions/A/SystemConfiguration
0x00007fff2a68c000 	/usr/lib/libfakelink.dylib
0x00007fff245a5000 	/System/Library/Frameworks/CFNetwork.framework/Versions/A/CFNetwork
0x00007fff2a7cc000 	/usr/lib/libarchive.2.dylib
0x00007fff20e1d000 	/usr/lib/libCRFSuite.dylib
0x00007fff29e5a000 	/usr/lib/libbsm.0.dylib
0x00007fff23f61000 	/usr/lib/libnetwork.dylib
0x00007fff2a691000 	/usr/lib/libpcap.A.dylib
0x00007fff261d6000 	/usr/lib/libdns_services.dylib
0x00007fff2ad34000 	/usr/lib/libcoretls_cfhelpers.dylib
0x00007fff2a8d0000 	/usr/lib/libapple_nghttp2.dylib
0x00007fff2a624000 	/usr/lib/system/libkxld.dylib
0x00007fff25e44000 	/usr/lib/libsqlite3.dylib
0x00007fff2a398000 	/System/Library/PrivateFrameworks/AppleFSCompression.framework/Versions/A/AppleFSCompression
0x00007fff29e42000 	/usr/lib/libcoretls.dylib
0x00007fff2a8fd000 	/usr/lib/libpam.2.dylib
0x00007fff2ae31000 	/usr/lib/libxar.1.dylib
0x00007fff2922b000 	/System/Library/PrivateFrameworks/AppleSystemInfo.framework/Versions/A/AppleSystemInfo
0x00007fff29a85000 	/System/Library/PrivateFrameworks/IOMobileFramebuffer.framework/Versions/A/IOMobileFramebuffer
0x00007fff2a3a8000 	/usr/lib/libbz2.1.0.dylib
0x00007fff2a6c9000 	/usr/lib/libiconv.2.dylib
0x00007fff2a61d000 	/usr/lib/libcharset.1.dylib
0x00007fff27381000 	/System/Library/Frameworks/CoreServices.framework/Versions/A/Frameworks/FSEvents.framework/Versions/A/FSEvents
0x00007fff226d6000 	/System/Library/Frameworks/CoreServices.framework/Versions/A/Frameworks/CarbonCore.framework/Versions/A/CarbonCore
0x00007fff263df000 	/System/Library/Frameworks/CoreServices.framework/Versions/A/Frameworks/Metadata.framework/Versions/A/Metadata
0x00007fff2a3bb000 	/System/Library/Frameworks/CoreServices.framework/Versions/A/Frameworks/OSServices.framework/Versions/A/OSServices
0x00007fff2a83e000 	/System/Library/Frameworks/CoreServices.framework/Versions/A/Frameworks/SearchKit.framework/Versions/A/SearchKit
0x00007fff26160000 	/System/Library/Frameworks/CoreServices.framework/Versions/A/Frameworks/AE.framework/Versions/A/AE
0x00007fff20845000 	/System/Library/Frameworks/CoreServices.framework/Versions/A/Frameworks/LaunchServices.framework/Versions/A/LaunchServices
0x00007fff2accc000 	/System/Library/Frameworks/CoreServices.framework/Versions/A/Frameworks/DictionaryServices.framework/Versions/A/DictionaryServices
0x00007fff2738a000 	/System/Library/Frameworks/CoreServices.framework/Versions/A/Frameworks/SharedFileList.framework/Versions/A/SharedFileList
0x00007fff29e36000 	/usr/lib/libCheckFix.dylib
0x00007fff24ac6000 	/System/Library/PrivateFrameworks/TCC.framework/Versions/A/TCC
0x00007fff29231000 	/System/Library/PrivateFrameworks/CoreNLP.framework/Versions/A/CoreNLP
0x00007fff26392000 	/System/Library/PrivateFrameworks/MetadataUtilities.framework/Versions/A/MetadataUtilities
0x00007fff20e53000 	/usr/lib/libmecabra.dylib
0x00007fff2a14a000 	/System/Library/Frameworks/MLCompute.framework/Versions/A/MLCompute
0x00007fff29e6b000 	/usr/lib/libmecab.dylib
0x00007fff29eb5000 	/usr/lib/libgermantok.dylib
0x00007fff2a8a6000 	/usr/lib/libThaiTokenizer.dylib
0x00007fff2ae6c000 	/usr/lib/libChineseTokenizer.dylib
0x00007fff2a8fb000 	/System/Library/Frameworks/MetalPerformanceShaders.framework/Versions/A/MetalPerformanceShaders
0x00007fff26481000 	/System/Library/Frameworks/Accelerate.framework/Versions/A/Frameworks/vImage.framework/Versions/A/vImage
0x00007fff301ae000 	/System/Library/Frameworks/Accelerate.framework/Versions/A/Frameworks/vecLib.framework/Versions/A/vecLib
0x00007fff2ae77000 	/System/Library/Frameworks/Accelerate.framework/Versions/A/Frameworks/vecLib.framework/Versions/A/libvMisc.dylib
0x00007fff298e1000 	/System/Library/Frameworks/Accelerate.framework/Versions/A/Frameworks/vecLib.framework/Versions/A/libvDSP.dylib
0x00007fff20b49000 	/System/Library/Frameworks/Accelerate.framework/Versions/A/Frameworks/vecLib.framework/Versions/A/libBLAS.dylib
0x00007fff2a921000 	/System/Library/Frameworks/Accelerate.framework/Versions/A/Frameworks/vecLib.framework/Versions/A/libLAPACK.dylib
0x00007fff29ebb000 	/System/Library/Frameworks/Accelerate.framework/Versions/A/Frameworks/vecLib.framework/Versions/A/libLinearAlgebra.dylib
0x00007fff2a8e8000 	/System/Library/Frameworks/Accelerate.framework/Versions/A/Frameworks/vecLib.framework/Versions/A/libSparseBLAS.dylib
0x00007fff2a91b000 	/System/Library/Frameworks/Accelerate.framework/Versions/A/Frameworks/vecLib.framework/Versions/A/libQuadrature.dylib
0x00007fff292d9000 	/System/Library/Frameworks/Accelerate.framework/Versions/A/Frameworks/vecLib.framework/Versions/A/libBNNS.dylib
0x00007fff20d30000 	/System/Library/Frameworks/Accelerate.framework/Versions/A/Frameworks/vecLib.framework/Versions/A/libSparse.dylib
0x00007fff291c4000 	/System/Library/Frameworks/MetalPerformanceShaders.framework/Versions/A/Frameworks/MPSCore.framework/Versions/A/MPSCore
0x00007fff2a307000 	/System/Library/Frameworks/MetalPerformanceShaders.framework/Versions/A/Frameworks/MPSImage.framework/Versions/A/MPSImage
0x00007fff29ed2000 	/System/Library/Frameworks/MetalPerformanceShaders.framework/Versions/A/Frameworks/MPSNeuralNetwork.framework/Versions/A/MPSNeuralNetwork
0x00007fff2a292000 	/System/Library/Frameworks/MetalPerformanceShaders.framework/Versions/A/Frameworks/MPSMatrix.framework/Versions/A/MPSMatrix
0x00007fff2a0fa000 	/System/Library/Frameworks/MetalPerformanceShaders.framework/Versions/A/Frameworks/MPSRayIntersector.framework/Versions/A/MPSRayIntersector
0x00007fff2a2c9000 	/System/Library/Frameworks/MetalPerformanceShaders.framework/Versions/A/Frameworks/MPSNDArray.framework/Versions/A/MPSNDArray
0x00007fff20a75000 	/System/Library/PrivateFrameworks/MetalTools.framework/Versions/A/MetalTools
0x00007fff29229000 	/System/Library/PrivateFrameworks/AggregateDictionary.framework/Versions/A/AggregateDictionary
0x00007fff2636a000 	/System/Library/PrivateFrameworks/CoreAnalytics.framework/Versions/A/CoreAnalytics
0x00007fff2a8a8000 	/System/Library/PrivateFrameworks/AppleSauce.framework/Versions/A/AppleSauce
0x00007fff28532000 	/System/Library/PrivateFrameworks/IOAccelerator.framework/Versions/A/IOAccelerator
0x00007fff6cb3f000 	/System/Library/Frameworks/OpenGL.framework/Versions/A/Libraries/libCoreFSCache.dylib
0x00007fff213ef000 	/System/Library/PrivateFrameworks/LanguageModeling.framework/Versions/A/LanguageModeling
0x00007fff29a72000 	/System/Library/PrivateFrameworks/CoreEmoji.framework/Versions/A/CoreEmoji
0x00007fff292d2000 	/System/Library/PrivateFrameworks/LinguisticData.framework/Versions/A/LinguisticData
0x00007fff20ce2000 	/System/Library/PrivateFrameworks/Lexicon.framework/Versions/A/Lexicon
0x00007fff2a7ba000 	/usr/lib/libcmph.dylib
0x00007fff27361000 	/System/Library/Frameworks/OpenDirectory.framework/Versions/A/Frameworks/CFOpenDirectory.framework/Versions/A/CFOpenDirectory
0x00007fff27351000 	/System/Library/Frameworks/OpenDirectory.framework/Versions/A/OpenDirectory
0x00007fff2ad36000 	/System/Library/PrivateFrameworks/APFS.framework/Versions/A/APFS
0x00007fff29d97000 	/System/Library/Frameworks/SecurityFoundation.framework/Versions/A/SecurityFoundation
0x00007fff2ae3f000 	/usr/lib/libutil.dylib
0x00007fff229fd000 	/System/Library/PrivateFrameworks/CoreServicesStore.framework/Versions/A/CoreServicesStore
0x00007fff29e2e000 	/System/Library/Frameworks/ServiceManagement.framework/Versions/A/ServiceManagement
0x00007fff2ae43000 	/usr/lib/libxslt.1.dylib
0x00007fff29e24000 	/System/Library/PrivateFrameworks/BackgroundTaskManagement.framework/Versions/A/BackgroundTaskManagement
0x00007fff2bf87000 	/System/Library/Frameworks/ImageIO.framework/Versions/A/Resources/libRadiance.dylib
0x00007fff2bf90000 	/System/Library/Frameworks/ImageIO.framework/Versions/A/Resources/libJPEG.dylib
0x00007fff2bedc000 	/System/Library/Frameworks/ImageIO.framework/Versions/A/Resources/libPng.dylib
0x00007fff2bf03000 	/System/Library/Frameworks/ImageIO.framework/Versions/A/Resources/libTIFF.dylib
0x00007fff2bfe5000 	/System/Library/Frameworks/ImageIO.framework/Versions/A/Resources/libGIF.dylib
0x00007fff2bc40000 	/System/Library/Frameworks/ImageIO.framework/Versions/A/Resources/libJP2.dylib
0x00007fff2b32a000 	/usr/lib/libexpat.1.dylib
0x00007fff2bbf5000 	/System/Library/PrivateFrameworks/AppleJPEG.framework/Versions/A/AppleJPEG
0x00007fff28768000 	/System/Library/PrivateFrameworks/FontServices.framework/libFontParser.dylib
0x00007fff26114000 	/System/Library/PrivateFrameworks/RunningBoardServices.framework/Versions/A/RunningBoardServices
0x00007fff2bd1e000 	/System/Library/PrivateFrameworks/WatchdogClient.framework/Versions/A/WatchdogClient
0x00007fff214dc000 	/System/Library/Frameworks/CoreDisplay.framework/Versions/A/CoreDisplay
0x00007fff2867e000 	/System/Library/Frameworks/CoreMedia.framework/Versions/A/CoreMedia
0x00007fff274de000 	/System/Library/Frameworks/CoreVideo.framework/Versions/A/CoreVideo
0x00007fff2bd56000 	/System/Library/Frameworks/VideoToolbox.framework/Versions/A/VideoToolbox
0x00007fff26092000 	/System/Library/PrivateFrameworks/BaseBoard.framework/Versions/A/BaseBoard
0x00007fff2b46f000 	/System/Library/PrivateFrameworks/PersistentConnection.framework/Versions/A/PersistentConnection
0x00007fff25e2d000 	/System/Library/PrivateFrameworks/ProtocolBuffer.framework/Versions/A/ProtocolBuffer
0x00007fff26079000 	/System/Library/PrivateFrameworks/CommonUtilities.framework/Versions/A/CommonUtilities
0x00007fff2bb8a000 	/System/Library/PrivateFrameworks/Bom.framework/Versions/A/Bom
0x00007fff2bf80000 	/System/Library/PrivateFrameworks/GPUWrangler.framework/Versions/A/GPUWrangler
0x00007fff2bf63000 	/System/Library/PrivateFrameworks/IOPresentment.framework/Versions/A/IOPresentment
0x00007fff2bf8a000 	/System/Library/PrivateFrameworks/DSExternalDisplay.framework/Versions/A/DSExternalDisplay
0x00007fff2bfea000 	/System/Library/PrivateFrameworks/CMCaptureCore.framework/Versions/A/CMCaptureCore
0x00007fff2b90f000 	/System/Library/PrivateFrameworks/AppServerSupport.framework/Versions/A/AppServerSupport
0x00007fff2d9be000 	/System/Library/PrivateFrameworks/perfdata.framework/Versions/A/perfdata
0x00007fff29d86000 	/System/Library/PrivateFrameworks/AssertionServices.framework/Versions/A/AssertionServices
0x00007fff21613000 	/System/Library/PrivateFrameworks/AudioToolboxCore.framework/Versions/A/AudioToolboxCore
0x00007fff28661000 	/System/Library/PrivateFrameworks/caulk.framework/Versions/A/caulk
0x00007fff3d669000 	/System/Library/PrivateFrameworks/SystemPolicy.framework/Versions/A/SystemPolicy
0x00007fff2b11f000 	/usr/lib/libIOReport.dylib
0x00007fff2d1e0000 	/usr/lib/libSMC.dylib
0x00007fff2bea9000 	/usr/lib/libAudioToolboxUtility.dylib
0x00007fff3dfd3000 	/usr/lib/libmis.dylib
0x00007fff6cb9b000 	/System/Library/Frameworks/OpenGL.framework/Versions/A/Libraries/libGLU.dylib
0x00007fff6cb5e000 	/System/Library/Frameworks/OpenGL.framework/Versions/A/Libraries/libGFXShared.dylib
0x00007fff6cd6d000 	/System/Library/Frameworks/OpenGL.framework/Versions/A/Libraries/libGL.dylib
0x00007fff6cb67000 	/System/Library/Frameworks/OpenGL.framework/Versions/A/Libraries/libGLImage.dylib
0x00007fff6cb5b000 	/System/Library/Frameworks/OpenGL.framework/Versions/A/Libraries/libCVMSPluginSupport.dylib
0x00007fff6cb46000 	/System/Library/Frameworks/OpenGL.framework/Versions/A/Libraries/libCoreVMClient.dylib
0x00007fff6e1ae000 	/System/Library/Frameworks/OpenCL.framework/Versions/A/OpenCL
0x00007fff2b499000 	/System/Library/PrivateFrameworks/GraphVisualizer.framework/Versions/A/GraphVisualizer
0x00007fff2b4a8000 	/System/Library/PrivateFrameworks/FaceCore.framework/Versions/A/FaceCore
0x00007fff2b8c4000 	/System/Library/PrivateFrameworks/OTSVG.framework/Versions/A/OTSVG
0x00007fff270d5000 	/System/Library/Frameworks/ApplicationServices.framework/Versions/A/Frameworks/ATS.framework/Versions/A/Resources/libFontRegistry.dylib
0x00007fff2b916000 	/System/Library/PrivateFrameworks/FontServices.framework/libhvf.dylib
0x00007fff2b2d6000 	/System/Library/PrivateFrameworks/AppleVA.framework/Versions/A/AppleVA
0x00007fff2d029000 	/System/Library/Frameworks/ApplicationServices.framework/Versions/A/Frameworks/ATS.framework/Versions/A/ATS
0x00007fff2d33b000 	/System/Library/Frameworks/ApplicationServices.framework/Versions/A/Frameworks/ColorSyncLegacy.framework/Versions/A/ColorSyncLegacy
0x00007fff255f6000 	/System/Library/Frameworks/ApplicationServices.framework/Versions/A/Frameworks/HIServices.framework/Versions/A/HIServices
0x00007fff2d320000 	/System/Library/Frameworks/ApplicationServices.framework/Versions/A/Frameworks/LangAnalysis.framework/Versions/A/LangAnalysis
0x00007fff2bff4000 	/System/Library/Frameworks/ApplicationServices.framework/Versions/A/Frameworks/PrintCore.framework/Versions/A/PrintCore
0x00007fff2d343000 	/System/Library/Frameworks/ApplicationServices.framework/Versions/A/Frameworks/QD.framework/Versions/A/QD
0x00007fff2d019000 	/System/Library/Frameworks/ApplicationServices.framework/Versions/A/Frameworks/SpeechSynthesis.framework/Versions/A/SpeechSynthesis
0x00007fff2bfb5000 	/System/Library/Frameworks/ApplicationServices.framework/Versions/A/Frameworks/ATSUI.framework/Versions/A/ATSUI
0x00007fff2d2c0000 	/usr/lib/libcups.2.dylib
0x00007fff2d330000 	/System/Library/PrivateFrameworks/NetAuth.framework/Versions/A/NetAuth
0x00007fff2d9da000 	/System/Library/Frameworks/Kerberos.framework/Versions/A/Kerberos
0x00007fff2d9ea000 	/System/Library/Frameworks/GSS.framework/Versions/A/GSS
0x00007fff2d095000 	/usr/lib/libresolv.9.dylib
0x00007fff2b92b000 	/System/Library/PrivateFrameworks/Heimdal.framework/Versions/A/Heimdal
0x00007fff3376e000 	/System/Library/Frameworks/Kerberos.framework/Versions/A/Libraries/libHeimdalProxy.dylib
0x00007fff261e5000 	/System/Library/Frameworks/Network.framework/Versions/A/Network
0x00007fff2b344000 	/usr/lib/libheimdal-asn1.dylib
0x00007fff2da3a000 	/System/Library/PrivateFrameworks/CommonAuth.framework/Versions/A/CommonAuth
0x00007fff2752b000 	/System/Library/PrivateFrameworks/login.framework/Versions/A/Frameworks/loginsupport.framework/Versions/A/loginsupport
0x00007fff2cf9e000 	/System/Library/PrivateFrameworks/AudioSession.framework/Versions/A/AudioSession
0x00007fff2d006000 	/usr/lib/libAudioStatistics.dylib
0x00007fff2b3d1000 	/System/Library/PrivateFrameworks/MediaExperience.framework/Versions/A/MediaExperience
0x00007fff2ce3b000 	/System/Library/PrivateFrameworks/AudioSession.framework/libSessionUtility.dylib
0x00007fff2d9cb000 	/usr/lib/libperfcheck.dylib
0x00007fff2d34f000 	/System/Library/PrivateFrameworks/AudioResourceArbitration.framework/Versions/A/AudioResourceArbitration
0x00007fff2b34e000 	/System/Library/PrivateFrameworks/IconFoundation.framework/Versions/A/IconFoundation
0x00007fff2fe78000 	/System/Library/PrivateFrameworks/SpeechRecognitionCore.framework/Versions/A/SpeechRecognitionCore
0x00007fff592e2000 	/System/Library/CoreServices/Encodings/libLatin5Converter.dylib
0x000000010e800000 	/Library/Java/JavaVirtualMachines/jdk-16.0.2.jdk/Contents/Home/lib/server/libjvm.dylib
0x000000010a698000 	/Library/Java/JavaVirtualMachines/jdk-16.0.2.jdk/Contents/Home/lib/libjimage.dylib
0x000000010a6f3000 	/Library/Java/JavaVirtualMachines/jdk-16.0.2.jdk/Contents/Home/lib/libjava.dylib
0x000000012e595000 	/Library/Java/JavaVirtualMachines/jdk-16.0.2.jdk/Contents/Home/lib/libnio.dylib
0x000000012e5c5000 	/Library/Java/JavaVirtualMachines/jdk-16.0.2.jdk/Contents/Home/lib/libnet.dylib
0x000000012e60c000 	/Library/Java/JavaVirtualMachines/jdk-16.0.2.jdk/Contents/Home/lib/libzip.dylib
0x000000012e672000 	/Library/Java/JavaVirtualMachines/jdk-16.0.2.jdk/Contents/Home/lib/libverify.dylib
0x000000012e7a0000 	/private/var/folders/7p/5nfrxvrs02l2q2f4x31qd6vc0000gn/T/libgdxirfanduman/c32eacf1/libvtm-jni64.dylib
0x00007fff3d3e1000 	/System/Library/Frameworks/Carbon.framework/Versions/A/Carbon
0x00007fff78a87000 	/usr/lib/libstdc++.6.dylib
0x00007fff366db000 	/System/Library/Frameworks/Carbon.framework/Versions/A/Frameworks/CommonPanels.framework/Versions/A/CommonPanels
0x00007fff33228000 	/System/Library/Frameworks/Carbon.framework/Versions/A/Frameworks/Help.framework/Versions/A/Help
0x00007fff366df000 	/System/Library/Frameworks/Carbon.framework/Versions/A/Frameworks/ImageCapture.framework/Versions/A/ImageCapture
0x00007fff366b7000 	/System/Library/Frameworks/Carbon.framework/Versions/A/Frameworks/OpenScripting.framework/Versions/A/OpenScripting
0x00007fff366d7000 	/System/Library/Frameworks/Carbon.framework/Versions/A/Frameworks/Ink.framework/Versions/A/Ink
0x00007fff3d3dd000 	/System/Library/Frameworks/Carbon.framework/Versions/A/Frameworks/Print.framework/Versions/A/Print
0x00007fff366d3000 	/System/Library/Frameworks/Carbon.framework/Versions/A/Frameworks/SecurityHI.framework/Versions/A/SecurityHI
0x0000000130bdd000 	/Library/Java/JavaVirtualMachines/jdk-16.0.2.jdk/Contents/Home/lib/libawt.dylib
0x0000000130d56000 	/Library/Java/JavaVirtualMachines/jdk-16.0.2.jdk/Contents/Home/lib/libmlib_image.dylib
0x00007fff6f9db000 	/System/Library/Frameworks/JavaNativeFoundation.framework/Versions/A/JavaNativeFoundation
0x00007fff6f9e7000 	/System/Library/Frameworks/JavaRuntimeSupport.framework/Versions/A/JavaRuntimeSupport
0x00007fff31e42000 	/System/Library/PrivateFrameworks/CoreSymbolication.framework/Versions/A/CoreSymbolication
0x00007fff31e05000 	/System/Library/PrivateFrameworks/DebugSymbols.framework/Versions/A/DebugSymbols
0x0000000130ea8000 	/Library/Java/JavaVirtualMachines/jdk-16.0.2.jdk/Contents/Home/lib/libawt_lwawt.dylib
0x000000012e7ca000 	/Library/Java/JavaVirtualMachines/jdk-16.0.2.jdk/Contents/Home/lib/libosxapp.dylib
0x00007fff3c7a1000 	/System/Library/Frameworks/ExceptionHandling.framework/Versions/A/ExceptionHandling
0x0000000131054000 	/Library/Java/JavaVirtualMachines/jdk-16.0.2.jdk/Contents/Home/lib/libfontmanager.dylib
0x000000013107b000 	/Library/Java/JavaVirtualMachines/jdk-16.0.2.jdk/Contents/Home/lib/libharfbuzz.dylib
0x0000000131411000 	/Library/Java/JavaVirtualMachines/jdk-16.0.2.jdk/Contents/Home/lib/libfreetype.dylib
0x00007fff229be000 	/System/Library/PrivateFrameworks/CoreServicesInternal.framework/Versions/A/CoreServicesInternal
0x00007fff3135e000 	/System/Library/Frameworks/FileProvider.framework/Versions/A/FileProvider
0x00007fff25ffc000 	/System/Library/Frameworks/Accounts.framework/Versions/A/Accounts
0x00007fff3147f000 	/System/Library/PrivateFrameworks/GenerationalStorage.framework/Versions/A/GenerationalStorage
0x00007fff30d7d000 	/System/Library/PrivateFrameworks/SymptomDiagnosticReporter.framework/Versions/A/SymptomDiagnosticReporter
0x00007fff2e683000 	/System/Library/PrivateFrameworks/AppContainer.framework/Versions/A/AppContainer
0x00007fff23b0a000 	/System/Library/PrivateFrameworks/DesktopServicesPriv.framework/Versions/A/DesktopServicesPriv
0x00007fff22af3000 	/usr/lib/libsandbox.1.dylib
0x00007fff27557000 	/System/Library/PrivateFrameworks/UserManagement.framework/Versions/A/UserManagement
0x00007fff29d63000 	/System/Library/PrivateFrameworks/MobileKeyBag.framework/Versions/A/MobileKeyBag
0x00007fff347d8000 	/System/Library/PrivateFrameworks/ChunkingLibrary.framework/Versions/A/ChunkingLibrary
0x00007fff2e698000 	/System/Library/PrivateFrameworks/SecCodeWrapper.framework/Versions/A/SecCodeWrapper
0x00007fff2b127000 	/System/Library/PrivateFrameworks/CrashReporterSupport.framework/Versions/A/CrashReporterSupport
0x00007fff4855b000 	/System/Library/PrivateFrameworks/OSAnalytics.framework/Versions/A/OSAnalytics
0x00007fff78373000 	/usr/lib/libRosetta.dylib
0x00007fff331b9000 	/System/Library/PrivateFrameworks/RemoteServiceDiscovery.framework/Versions/A/RemoteServiceDiscovery
0x00007fff52533000 	/System/Library/PrivateFrameworks/Symbolication.framework/Versions/A/Symbolication
0x00007fff331c9000 	/System/Library/PrivateFrameworks/RemoteXPC.framework/Versions/A/RemoteXPC
0x00007fff396d4000 	/System/Library/PrivateFrameworks/OSAServicesClient.framework/Versions/A/OSAServicesClient
0x00007fff3dfb2000 	/System/Library/PrivateFrameworks/MallocStackLogging.framework/Versions/A/MallocStackLogging
0x00007fff2e41a000 	/System/Library/PrivateFrameworks/Sharing.framework/Versions/A/Sharing
0x00007fff32d96000 	/System/Library/PrivateFrameworks/Apple80211.framework/Versions/A/Apple80211
0x00007fff2a3e9000 	/System/Library/PrivateFrameworks/AuthKit.framework/Versions/A/AuthKit
0x00007fff29b63000 	/System/Library/PrivateFrameworks/CoreUtils.framework/Versions/A/CoreUtils
0x00007fff29a90000 	/System/Library/Frameworks/CoreWLAN.framework/Versions/A/CoreWLAN
0x00007fff2e562000 	/System/Library/Frameworks/IOBluetooth.framework/Versions/A/IOBluetooth
0x00007fff32dfa000 	/System/Library/PrivateFrameworks/CoreWiFi.framework/Versions/A/CoreWiFi
0x00007fff2dac2000 	/System/Library/PrivateFrameworks/CorePhoneNumbers.framework/Versions/A/CorePhoneNumbers
0x00007fff30e85000 	/System/Library/PrivateFrameworks/DiskManagement.framework/Versions/A/DiskManagement
0x00007fff30d9b000 	/System/Library/PrivateFrameworks/AppleIDAuthSupport.framework/Versions/A/AppleIDAuthSupport
0x00007fff2da9f000 	/System/Library/PrivateFrameworks/KeychainCircle.framework/Versions/A/KeychainCircle
0x00007fff30e51000 	/System/Library/PrivateFrameworks/MediaKit.framework/Versions/A/MediaKit
0x00007fff30da8000 	/System/Library/Frameworks/DiscRecording.framework/Versions/A/DiscRecording
0x00007fff2b24a000 	/usr/lib/libCoreStorage.dylib
0x00007fff33234000 	/usr/lib/libcsfde.dylib
0x00007fff2e69c000 	/System/Library/PrivateFrameworks/ProtectedCloudStorage.framework/Versions/A/ProtectedCloudStorage
0x00007fff3322c000 	/System/Library/PrivateFrameworks/EFILogin.framework/Versions/A/EFILogin
0x00007fff33821000 	/System/Library/Frameworks/AudioUnit.framework/Versions/A/AudioUnit
0x00007fff30d1a000 	/System/Library/Frameworks/CoreBluetooth.framework/Versions/A/CoreBluetooth
0x00007fff2b242000 	/usr/lib/libMatch.1.dylib
0x00007fff441ec000 	/System/Library/CoreServices/RawCamera.bundle/Contents/MacOS/RawCamera
0x00007fff2da4b000 	/System/Library/PrivateFrameworks/MobileAsset.framework/Versions/A/MobileAsset
0x00007fff33846000 	/System/Library/PrivateFrameworks/StreamingZip.framework/Versions/A/StreamingZip
0x00007fff2c1ed000 	/System/Library/Frameworks/MediaToolbox.framework/Versions/A/MediaToolbox
0x00007fff31330000 	/System/Library/PrivateFrameworks/CoreAVCHD.framework/Versions/A/CoreAVCHD
0x00007fff304e4000 	/System/Library/Frameworks/MediaAccessibility.framework/Versions/A/MediaAccessibility
0x00007fff3132c000 	/System/Library/PrivateFrameworks/Mangrove.framework/Versions/A/Mangrove
0x00007fff304f0000 	/System/Library/PrivateFrameworks/AlgosScoreFramework.framework/Versions/A/AlgosScoreFramework
0x00007fff31cf5000 	/System/Library/PrivateFrameworks/AppleVPA.framework/Versions/A/AppleVPA
0x00007fff30f71000 	/System/Library/PrivateFrameworks/CoreAUC.framework/Versions/A/CoreAUC
0x00007fff41bdf000 	/System/Library/Frameworks/Accelerate.framework/Versions/A/Frameworks/vImage.framework/Versions/A/Libraries/libCGInterfaces.dylib
0x000000013358d000 	/usr/lib/libobjc-trampolines.dylib
0x00007fff27259000 	/System/Library/PrivateFrameworks/ViewBridge.framework/Versions/A/ViewBridge
0x00007fff2b9ec000 	/System/Library/PrivateFrameworks/login.framework/Versions/A/login
0x00007fff6cd78000 	/System/Library/Frameworks/OpenGL.framework/Versions/A/Resources/GLEngine.bundle/GLEngine
0x00007fff6cbd8000 	/System/Library/Frameworks/OpenGL.framework/Versions/A/Libraries/libGLProgrammability.dylib
0x0000000134cf8000 	/System/Library/Extensions/AppleMetalOpenGLRenderer.bundle/Contents/MacOS/AppleMetalOpenGLRenderer
0x00007fff6cef4000 	/System/Library/Frameworks/OpenGL.framework/Versions/A/Resources/GLRendererFloat.bundle/GLRendererFloat
0x0000000134e4d000 	/System/Library/Extensions/AGXMetal13_3.bundle/Contents/MacOS/AGXMetal13_3
0x00007fff38a31000 	/System/Library/PrivateFrameworks/IOGPU.framework/Versions/A/IOGPU
0x00007fff6a6d1000 	/System/Library/PrivateFrameworks/GPUCompiler.framework/Versions/31001/Libraries/libmetal_timestamp.dylib
0x0000000136399000 	/private/var/folders/7p/5nfrxvrs02l2q2f4x31qd6vc0000gn/T/libgdxirfanduman/78f2b00f/libgdx64.dylib
0x00000001364a8000 	/private/var/folders/7p/5nfrxvrs02l2q2f4x31qd6vc0000gn/T/libgdxirfanduman/f7649394/liblwjgl.dylib
0x00000001365ab000 	/Library/Java/JavaVirtualMachines/jdk-16.0.2.jdk/Contents/Home/lib/libjawt.dylib


VM Arguments:
jvm_args: -Dfile.encoding=UTF-8 -Duser.country=TR -Duser.language=tr -Duser.variant 
java_command: org.oscim.test.LineTest
java_class_path (initial): /Users/irfanduman/Desktop/vtm-master/vtm-playground/build/classes/java/main:/Users/irfanduman/Desktop/vtm-master/vtm-playground/build/resources/main:/Users/irfanduman/Desktop/vtm-master/vtm-desktop/natives/osx:/Users/irfanduman/Desktop/vtm-master/vtm-desktop/natives/linux:/Users/irfanduman/Desktop/vtm-master/vtm-desktop/natives/windows:/Users/irfanduman/Desktop/vtm-master/vtm-desktop-lwjgl/build/libs/vtm-desktop-lwjgl-master-SNAPSHOT.jar:/Users/irfanduman/Desktop/vtm-master/vtm-extras/build/libs/vtm-extras-master-SNAPSHOT.jar:/Users/irfanduman/Desktop/vtm-master/vtm-gdx-poi3d/build/libs/vtm-gdx-poi3d-master-SNAPSHOT.jar:/Users/irfanduman/Desktop/vtm-master/vtm-http/build/libs/vtm-http-master-SNAPSHOT.jar:/Users/irfanduman/Desktop/vtm-master/vtm-jeo/build/libs/vtm-jeo-master-SNAPSHOT.jar:/Users/irfanduman/Desktop/vtm-master/vtm-json/build/libs/vtm-json-master-SNAPSHOT.jar:/Users/irfanduman/Desktop/vtm-master/vtm-jts/build/libs/vtm-jts-master-SNAPSHOT.jar:/Users/irfanduman/Desktop/vtm-master/vtm-models/build/libs/vtm-models-master-SNAPSHOT.jar:/Users/irfanduman/Desktop/vtm-master/vtm-mvt/build/libs/vtm-mvt-master-SNAPSHOT.jar:/Users/irfanduman/.gradle/caches/modules-2/files-2.1/com.badlogicgames.gdx/gdx-platform/1.9.10/1907b49f8363dd1ee37d273854a9cc3c741a6e66/gdx-platform-1.9.10-natives-desktop.jar:/Users/irfanduman/.gradle/caches/modules-2/files-2.1/org.slf4j/slf4j-jdk14/1.7.28/7dd18b408288ad35cd4021a6e50f0e6e8c6454de/slf4j-jdk14-1.7.28.jar:/Users/irfanduman/Desktop/vtm-master/vtm-desktop/build/libs/vtm-desktop-master-SNAPSHOT.jar:/Users/irfanduman/.gradle/caches/modules-2/files-2.1/com.badlogicgames.gdx/gdx-backend-lwjgl/1.9.10/8f88abd43500d94c486d25f04d642318da72773a/gdx-backend-lwjgl-1.9.10.jar:/Users/irfanduman/Desktop/vtm-master/vtm-gdx/build/libs/vtm-gdx-master-SNAPSHOT.jar:/Users/irfanduman/Desktop/vtm-master/vtm-themes/build/libs/vtm-themes-master-SNAPSHOT.jar:/Users/irfanduman/Desktop/vtm-master/vtm/build/libs/vtm-master-SNAPSHOT
Launcher Type: SUN_STANDARD

[Global flags]
     intx CICompilerCount                          = 4                                         {product} {ergonomic}
     uint ConcGCThreads                            = 2                                         {product} {ergonomic}
     uint G1ConcRefinementThreads                  = 8                                         {product} {ergonomic}
   size_t G1HeapRegionSize                         = 1048576                                   {product} {ergonomic}
    uintx GCDrainStackTargetSize                   = 64                                        {product} {ergonomic}
   size_t InitialHeapSize                          = 134217728                                 {product} {ergonomic}
   size_t MarkStackSize                            = 4194304                                   {product} {ergonomic}
   size_t MaxHeapSize                              = 2147483648                                {product} {ergonomic}
   size_t MaxNewSize                               = 1287651328                                {product} {ergonomic}
   size_t MinHeapDeltaBytes                        = 1048576                                   {product} {ergonomic}
   size_t MinHeapSize                              = 8388608                                   {product} {ergonomic}
    uintx NonNMethodCodeHeapSize                   = 5839372                                {pd product} {ergonomic}
    uintx NonProfiledCodeHeapSize                  = 122909434                              {pd product} {ergonomic}
    uintx ProfiledCodeHeapSize                     = 122909434                              {pd product} {ergonomic}
    uintx ReservedCodeCacheSize                    = 251658240                              {pd product} {ergonomic}
     bool SegmentedCodeCache                       = true                                      {product} {ergonomic}
   size_t SoftMaxHeapSize                          = 2147483648                             {manageable} {ergonomic}
     bool UseCompressedClassPointers               = true                           {product lp64_product} {ergonomic}
     bool UseCompressedOops                        = true                           {product lp64_product} {ergonomic}
     bool UseG1GC                                  = true                                      {product} {ergonomic}
     bool UseNUMA                                  = false                                     {product} {ergonomic}
     bool UseNUMAInterleaving                      = false                                     {product} {ergonomic}

Logging:
Log output configuration:
 #0: stdout all=warning uptime,level,tags
 #1: stderr all=off uptime,level,tags

Environment Variables:
PATH=/opt/homebrew/bin:/Library/Frameworks/Python.framework/Versions/3.9/bin:/usr/local/bin:/usr/bin:/bin:/usr/sbin:/sbin
SHELL=/bin/zsh
LC_CTYPE=tr_TR.UTF-8

Signal Handlers:
SIGSEGV: [libjvm.dylib+0xa7bdc0], sa_mask[0]=11100110100111111111111111111111, sa_flags=SA_ONSTACK|SA_RESTART|SA_SIGINFO
SIGBUS: [libjvm.dylib+0xa7bdc0], sa_mask[0]=11100110100111111111111111111111, sa_flags=SA_RESTART|SA_SIGINFO
SIGFPE: [libjvm.dylib+0xa7bdc0], sa_mask[0]=11100110100111111111111111111111, sa_flags=SA_RESTART|SA_SIGINFO
SIGPIPE: [libjvm.dylib+0x945be0], sa_mask[0]=11100110100111111111111111111111, sa_flags=SA_RESTART|SA_SIGINFO
SIGXFSZ: [libjvm.dylib+0x945be0], sa_mask[0]=11100110100111111111111111111111, sa_flags=SA_RESTART|SA_SIGINFO
SIGILL: [libjvm.dylib+0xa7bdc0], sa_mask[0]=11100110100111111111111111111111, sa_flags=SA_RESTART|SA_SIGINFO
SIGUSR2: [libjvm.dylib+0x946690], sa_mask[0]=00100000000000000000000000000000, sa_flags=SA_RESTART|SA_SIGINFO
SIGHUP: [libjvm.dylib+0x944c50], sa_mask[0]=11100110100111111111111111111111, sa_flags=SA_RESTART|SA_SIGINFO
SIGINT: [libjvm.dylib+0x944c50], sa_mask[0]=11100110100111111111111111111111, sa_flags=SA_RESTART|SA_SIGINFO
SIGTERM: [libjvm.dylib+0x944c50], sa_mask[0]=11100110100111111111111111111111, sa_flags=SA_RESTART|SA_SIGINFO
SIGQUIT: [libjvm.dylib+0x944c50], sa_mask[0]=11100110100111111111111111111111, sa_flags=SA_RESTART|SA_SIGINFO
SIGTRAP: [libjvm.dylib+0xa7bdc0], sa_mask[0]=11100110100111111111111111111111, sa_flags=SA_RESTART|SA_SIGINFO


---------------  S Y S T E M  ---------------

OS:uname: Darwin 20.3.0 Darwin Kernel Version 20.3.0: Thu Jan 21 00:06:51 PST 2021; root:xnu-7195.81.3~1/RELEASE_ARM64_T8101 x86_64
OS uptime: 0 days 14:18 hours
rlimit (soft/hard): STACK 8176k/65520k , CORE 0k/infinity , NPROC 1333/2000 , NOFILE 10240/infinity , AS infinity/infinity , CPU infinity/infinity , DATA infinity/infinity , FSIZE infinity/infinity , MEMLOCK infinity/infinity , RSS infinity/infinity
load average: 1.96 1.93 1.90

CPU: total 8 (initial active 8) (1 cores per cpu, 1 threads per core) family 6 model 44 stepping 0 microcode 0x0, cx8, cmov, fxsr, mmx, sse, sse2, sse3, ssse3, sse4.1, sse4.2, popcnt, tsc, tscinvbit, aes, clmul, clflush

Memory: 4k page, physical 8388608k(41624k free), swap 4194304k(1317888k free)

vm_info: Java HotSpot(TM) 64-Bit Server VM (16.0.2+7-67) for bsd-amd64 JRE (16.0.2+7-67), built on Jun  8 2021 22:22:46 by "mach5one" with clang 4.2.1 Compatible Apple LLVM 11.0.0 (clang-1100.0.33.17)

END.
